2024-09-12T16:23:26.781 [http-nio-8080-exec-5] DEBUG j.sqltiming -  com.zaxxer.hikari.pool.ProxyPreparedStatement.execute(ProxyPreparedStatement.java:44)
31. select
			a.seq
			,a.cd_Name
			,a.cd_UseNY
			,a.cd_Order
			,a.cd_Desc
			,a.cd_ReDate
			,a.cd_MoDate
			,a.cd_DelNY
			,a.CodeGroup_seq
			,b.cg_Name
			,b.seq
		from
			Code a
		left join
			codegroup b
		on
			a.CodeGroup_seq = b.seq
		WHERE 1=1
 {executed in 1 msec} 
2024-09-12T16:23:33.796 [http-nio-8080-exec-1] DEBUG j.sqltiming -  com.zaxxer.hikari.pool.ProxyPreparedStatement.execute(ProxyPreparedStatement.java:44)
31. select
			a.seq
			,a.cd_Name
			,a.cd_UseNY
			,a.cd_Order
			,a.cd_Desc
			,a.cd_ReDate
			,a.cd_MoDate
			,a.cd_DelNY
			,a.CodeGroup_seq
			,b.cg_Name
			,b.seq
		from
			Code a
		left join
			codegroup b
		on
			a.CodeGroup_seq = b.seq
		WHERE 1=1
 {executed in 1 msec} 
2024-09-12T16:23:38.223 [http-nio-8080-exec-9] DEBUG j.sqltiming -  com.zaxxer.hikari.pool.ProxyPreparedStatement.execute(ProxyPreparedStatement.java:44)
31. select
			a.seq
			,a.cg_Name
			,a.cg_UseNY
			,a.cg_Order
			,a.cg_Desc
			,a.cg_ReDate
			,a.cg_MoDate
			,a.cg_DelNY
			,(select count(b.CodeGroup_seq) from code b where 1 = 1 and b.CodeGroup_seq = a.seq) as codeGroupCount
		from
			CodeGroup a
		where 1 = 1
		 And cg_DelNY = 0 
		 And cg_UseNY = 1 

		 AND a.cg_ReDate BETWEEN '2024-09-11 00:00:00' AND '2024-09-11 23:59:59' 

		order by
			a.seq desc
 {executed in 0 msec} 
2024-09-12T16:23:40.111 [http-nio-8080-exec-7] DEBUG j.sqltiming -  com.zaxxer.hikari.pool.ProxyPreparedStatement.execute(ProxyPreparedStatement.java:44)
31. select
			a.seq
			,a.cg_Name
			,a.cg_UseNY
			,a.cg_Order
			,a.cg_Desc
			,a.cg_ReDate
			,a.cg_MoDate
			,a.cg_DelNY
			,(select count(b.CodeGroup_seq) from code b where 1 = 1 and b.CodeGroup_seq = a.seq) as codeGroupCount
		from
			CodeGroup a
		where 1 = 1
		 And cg_DelNY = 0 
		 And cg_UseNY = 1 

		 AND a.cg_ReDate BETWEEN '2024-09-11 00:00:00' AND '2024-09-11 23:59:59' 

		order by
			a.seq desc
 {executed in 1 msec} 
