2024-09-12T17:01:07.364 [HikariPool-4 housekeeper] WARN c.z.h.p.HikariPool - HikariPool-4 - Thread starvation or clock leap detected (housekeeper delta=3m27s677ms). 
2024-09-12T17:03:16.716 [HikariPool-4 housekeeper] WARN c.z.h.p.HikariPool - HikariPool-4 - Thread starvation or clock leap detected (housekeeper delta=1m39s351ms). 
2024-09-12T17:05:38.203 [HikariPool-4 housekeeper] WARN c.z.h.p.HikariPool - HikariPool-4 - Thread starvation or clock leap detected (housekeeper delta=2m21s487ms). 
2024-09-12T17:07:14.196 [HikariPool-4 housekeeper] WARN c.z.h.p.HikariPool - HikariPool-4 - Thread starvation or clock leap detected (housekeeper delta=1m5s988ms). 
2024-09-12T17:16:19.878 [http-nio-8080-exec-1] DEBUG j.sqltiming -  com.zaxxer.hikari.pool.ProxyPreparedStatement.execute(ProxyPreparedStatement.java:44)
51. select
			a.seq
			,a.cd_Name
			,a.cd_UseNY
			,a.cd_Order
			,a.cd_Desc
			,a.cd_ReDate
			,a.cd_MoDate
			,a.cd_DelNY
			,a.CodeGroup_seq
			,b.cg_Name
			,b.seq
		from
			Code a
		left join
			codegroup b
		on
			a.CodeGroup_seq = b.seq
		WHERE 1=1
 {executed in 1 msec} 
2024-09-12T17:16:33.488 [http-nio-8080-exec-2] DEBUG j.sqltiming -  com.zaxxer.hikari.pool.ProxyPreparedStatement.execute(ProxyPreparedStatement.java:44)
51. select
			a.seq
			,a.cd_Name
			,a.cd_UseNY
			,a.cd_Order
			,a.cd_Desc
			,a.cd_ReDate
			,a.cd_MoDate
			,a.cd_DelNY
			,a.CodeGroup_seq
			,b.cg_Name
			,b.seq
		from
			Code a
		left join
			codegroup b
		on
			a.CodeGroup_seq = b.seq
		WHERE 1=1
 {executed in 1 msec} 
2024-09-12T17:21:22.985 [http-nio-8080-exec-7] DEBUG j.sqltiming -  com.zaxxer.hikari.pool.ProxyPreparedStatement.execute(ProxyPreparedStatement.java:44)
51. select
			a.seq
			,a.cd_Name
			,a.cd_UseNY
			,a.cd_Order
			,a.cd_Desc
			,a.cd_ReDate
			,a.cd_MoDate
			,a.cd_DelNY
			,a.CodeGroup_seq
			,b.cg_Name
			,b.seq
		from
			Code a
		left join
			codegroup b
		on
			a.CodeGroup_seq = b.seq
		WHERE 1=1
 {executed in 1 msec} 
