2024-09-14T20:05:45.402 [http-nio-8080-exec-9] DEBUG j.sqltiming -  com.zaxxer.hikari.pool.ProxyPreparedStatement.execute(ProxyPreparedStatement.java:44)
51. select
			a.prseq
			,a.prProdName
			,a.prUseNY
			,a.prProdDesc
			,a.prReguPrice
			,a.prSalePrice
			,a.prInventory
			,a.prReDate
			,a.prMoDate
			,a.prDelNY
		from 
			product a
 {executed in 1 msec} 
2024-09-14T20:05:51.089 [http-nio-8080-exec-3] DEBUG j.sqltiming -  com.zaxxer.hikari.pool.ProxyPreparedStatement.execute(ProxyPreparedStatement.java:44)
51. select
			a.prseq
			,a.prProdName
			,a.prUseNY
			,a.prProdDesc
			,a.prReguPrice
			,a.prSalePrice
			,a.prInventory
			,a.prReDate
			,a.prMoDate
			,a.prDelNY
		from 
			product a
 {executed in 1 msec} 
2024-09-14T20:08:32.321 [File Watcher] INFO o.s.b.d.a.LocalDevToolsAutoConfiguration$RestartingClassPathChangeChangedEventListener - Restarting due to 1 class path change (0 additions, 0 deletions, 1 modification) 
2024-09-14T20:08:32.325 [Thread-118] INFO o.a.c.h.Http11NioProtocol - Stopping ProtocolHandler ["http-nio-8080"] 
2024-09-14T20:08:32.330 [Thread-118] INFO c.z.h.HikariDataSource - HikariPool-6 - Shutdown initiated... 
2024-09-14T20:08:32.332 [Thread-118] INFO c.z.h.HikariDataSource - HikariPool-6 - Shutdown completed. 
2024-09-14T20:08:32.370 [restartedMain] INFO c.s.ShinchanApplication - Starting ShinchanApplication using Java 17.0.11 with PID 18008 (/Users/shinnosuke/Desktop/shinnosuke/factory/workspace/ws_sts4_4240/repo_shinchan/shinchan/bin/main started by shinnosuke in /Users/shinnosuke/Desktop/shinnosuke/factory/workspace/ws_sts4_4240/repo_shinchan/shinchan) 
2024-09-14T20:08:32.370 [restartedMain] INFO c.s.ShinchanApplication - No active profile set, falling back to 1 default profile: "default" 
2024-09-14T20:08:32.460 [restartedMain] INFO o.s.b.w.e.t.TomcatWebServer - Tomcat initialized with port 8080 (http) 
2024-09-14T20:08:32.461 [restartedMain] INFO o.a.c.h.Http11NioProtocol - Initializing ProtocolHandler ["http-nio-8080"] 
2024-09-14T20:08:32.461 [restartedMain] INFO o.a.c.c.StandardService - Starting service [Tomcat] 
2024-09-14T20:08:32.461 [restartedMain] INFO o.a.c.c.StandardEngine - Starting Servlet engine: [Apache Tomcat/10.1.28] 
2024-09-14T20:08:32.464 [restartedMain] INFO o.a.c.c.C.[.[.[/] - Initializing Spring embedded WebApplicationContext 
2024-09-14T20:08:32.464 [restartedMain] INFO o.s.b.w.s.c.ServletWebServerApplicationContext - Root WebApplicationContext: initialization completed in 93 ms 
2024-09-14T20:08:32.553 [restartedMain] INFO o.s.b.d.a.OptionalLiveReloadServer - LiveReload server is running on port 35729 
2024-09-14T20:08:32.559 [restartedMain] INFO o.a.c.h.Http11NioProtocol - Starting ProtocolHandler ["http-nio-8080"] 
2024-09-14T20:08:32.560 [restartedMain] INFO o.s.b.w.e.t.TomcatWebServer - Tomcat started on port 8080 (http) with context path '/' 
2024-09-14T20:08:32.563 [restartedMain] INFO c.s.ShinchanApplication - Started ShinchanApplication in 0.203 seconds (process running for 6316.92) 
2024-09-14T20:08:32.563 [restartedMain] INFO o.s.b.d.a.ConditionEvaluationDeltaLoggingListener - Condition evaluation unchanged 
2024-09-14T20:08:35.548 [http-nio-8080-exec-1] INFO o.a.c.c.C.[.[.[/] - Initializing Spring DispatcherServlet 'dispatcherServlet' 
2024-09-14T20:08:35.549 [http-nio-8080-exec-1] INFO o.s.w.s.DispatcherServlet - Initializing Servlet 'dispatcherServlet' 
2024-09-14T20:08:35.550 [http-nio-8080-exec-1] INFO o.s.w.s.DispatcherServlet - Completed initialization in 1 ms 
2024-09-14T20:08:35.552 [http-nio-8080-exec-1] INFO c.z.h.HikariDataSource - HikariPool-7 - Starting... 
2024-09-14T20:08:35.574 [http-nio-8080-exec-1] INFO c.z.h.p.HikariPool - HikariPool-7 - Added connection net.sf.log4jdbc.sql.jdbcapi.ConnectionSpy@2bee5a32 
2024-09-14T20:08:35.574 [http-nio-8080-exec-1] INFO c.z.h.HikariDataSource - HikariPool-7 - Start completed. 
2024-09-14T20:08:35.576 [http-nio-8080-exec-1] DEBUG j.sqltiming -  com.zaxxer.hikari.pool.ProxyPreparedStatement.execute(ProxyPreparedStatement.java:44)
61. select
			a.prseq
			,a.prProdName
			,a.prUseNY
			,a.prProdDesc
			,a.prReguPrice
			,a.prSalePrice
			,a.prInventory
			,a.prReDate
			,a.prMoDate
			,a.prDelNY
		from 
			product a
 {executed in 0 msec} 
2024-09-14T20:08:35.786 [http-nio-8080-exec-7] DEBUG j.sqltiming -  com.zaxxer.hikari.pool.ProxyPreparedStatement.execute(ProxyPreparedStatement.java:44)
61. select
			a.prseq
			,a.prProdName
			,a.prUseNY
			,a.prProdDesc
			,a.prReguPrice
			,a.prSalePrice
			,a.prInventory
			,a.prReDate
			,a.prMoDate
			,a.prDelNY
		from 
			product a
 {executed in 1 msec} 
2024-09-14T20:08:35.963 [http-nio-8080-exec-4] DEBUG j.sqltiming -  com.zaxxer.hikari.pool.ProxyPreparedStatement.execute(ProxyPreparedStatement.java:44)
61. select
			a.prseq
			,a.prProdName
			,a.prUseNY
			,a.prProdDesc
			,a.prReguPrice
			,a.prSalePrice
			,a.prInventory
			,a.prReDate
			,a.prMoDate
			,a.prDelNY
		from 
			product a
 {executed in 1 msec} 
2024-09-14T20:31:21.432 [HikariPool-7 housekeeper] WARN c.z.h.p.HikariPool - HikariPool-7 - Thread starvation or clock leap detected (housekeeper delta=1m45s580ms). 
2024-09-14T20:33:47.042 [HikariPool-7 housekeeper] WARN c.z.h.p.HikariPool - HikariPool-7 - Thread starvation or clock leap detected (housekeeper delta=2m25s607ms). 
2024-09-14T20:34:46.150 [HikariPool-7 housekeeper] WARN c.z.h.p.HikariPool - HikariPool-7 - Thread starvation or clock leap detected (housekeeper delta=59s111ms). 
2024-09-14T20:37:50.314 [HikariPool-7 housekeeper] WARN c.z.h.p.HikariPool - HikariPool-7 - Thread starvation or clock leap detected (housekeeper delta=3m4s164ms). 
2024-09-14T20:40:18.772 [HikariPool-7 housekeeper] WARN c.z.h.p.HikariPool - HikariPool-7 - Thread starvation or clock leap detected (housekeeper delta=2m28s458ms). 
2024-09-14T20:41:16.268 [HikariPool-7 housekeeper] WARN c.z.h.p.HikariPool - HikariPool-7 - Thread starvation or clock leap detected (housekeeper delta=57s496ms). 
2024-09-14T20:43:08.836 [HikariPool-7 housekeeper] WARN c.z.h.p.HikariPool - HikariPool-7 - Thread starvation or clock leap detected (housekeeper delta=1m52s568ms). 
2024-09-14T20:44:28.790 [HikariPool-7 housekeeper] WARN c.z.h.p.HikariPool - HikariPool-7 - Thread starvation or clock leap detected (housekeeper delta=1m19s954ms). 
2024-09-14T20:46:34.607 [HikariPool-7 housekeeper] WARN c.z.h.p.HikariPool - HikariPool-7 - Thread starvation or clock leap detected (housekeeper delta=2m5s817ms). 
2024-09-14T20:50:01.915 [HikariPool-7 housekeeper] WARN c.z.h.p.HikariPool - HikariPool-7 - Thread starvation or clock leap detected (housekeeper delta=3m27s308ms). 
2024-09-14T20:58:03.590 [HikariPool-7 housekeeper] WARN c.z.h.p.HikariPool - HikariPool-7 - Thread starvation or clock leap detected (housekeeper delta=8m1s675ms). 
