2024-09-17T14:21:43.974 [HikariPool-50 housekeeper] WARN c.z.h.p.HikariPool - HikariPool-50 - Thread starvation or clock leap detected (housekeeper delta=32m45s426ms). 
2024-09-17T14:39:09.851 [http-nio-8080-exec-3] DEBUG j.sqltiming -  com.zaxxer.hikari.pool.ProxyPreparedStatement.execute(ProxyPreparedStatement.java:44)
539. select
			a.memseq
			,a.memName
   			,a.memGender
			,a.memId
			,a.memPassword
   			,a.memEmail
   			,a.memPhoneNum
   			,a.memReDate
   			,a.memMoDate
			,a.memDelNY
		from
			member a
		where 1 = 1

		 AND a.memName LIKE CONCAT('%',NULL,'%')
 {executed in 2 msec} 
2024-09-17T14:39:15.380 [RMI TCP Connection(946)-127.0.0.1] INFO o.s.b.a.SpringApplicationAdminMXBeanRegistrar$SpringApplicationAdmin - Application shutdown requested. 
2024-09-17T14:39:15.382 [RMI TCP Connection(946)-127.0.0.1] INFO o.a.c.h.Http11NioProtocol - Stopping ProtocolHandler ["http-nio-8080"] 
2024-09-17T14:39:15.385 [RMI TCP Connection(946)-127.0.0.1] INFO c.z.h.HikariDataSource - HikariPool-50 - Shutdown initiated... 
2024-09-17T14:39:15.390 [RMI TCP Connection(946)-127.0.0.1] INFO c.z.h.HikariDataSource - HikariPool-50 - Shutdown completed. 
2024-09-17T14:39:16.220 [restartedMain] INFO c.s.ShinchanApplication - Starting ShinchanApplication using Java 17.0.11 with PID 29296 (/Users/shinnosuke/Desktop/shinnosuke/factory/workspace/ws_sts4_4240/repo_shinchan/shinchan/bin/main started by shinnosuke in /Users/shinnosuke/Desktop/shinnosuke/factory/workspace/ws_sts4_4240/repo_shinchan/shinchan) 
2024-09-17T14:39:16.221 [restartedMain] INFO c.s.ShinchanApplication - No active profile set, falling back to 1 default profile: "default" 
2024-09-17T14:39:16.233 [restartedMain] INFO o.s.b.d.e.DevToolsPropertyDefaultsPostProcessor - Devtools property defaults active! Set 'spring.devtools.add-properties' to 'false' to disable 
2024-09-17T14:39:16.233 [restartedMain] INFO o.s.b.d.e.DevToolsPropertyDefaultsPostProcessor - For additional web related logging consider setting the 'logging.level.web' property to 'DEBUG' 
2024-09-17T14:39:16.524 [restartedMain] INFO o.s.b.w.e.t.TomcatWebServer - Tomcat initialized with port 8080 (http) 
2024-09-17T14:39:16.527 [restartedMain] INFO o.a.c.h.Http11NioProtocol - Initializing ProtocolHandler ["http-nio-8080"] 
2024-09-17T14:39:16.528 [restartedMain] INFO o.a.c.c.StandardService - Starting service [Tomcat] 
2024-09-17T14:39:16.529 [restartedMain] INFO o.a.c.c.StandardEngine - Starting Servlet engine: [Apache Tomcat/10.1.28] 
2024-09-17T14:39:16.540 [restartedMain] INFO o.a.c.c.C.[.[.[/] - Initializing Spring embedded WebApplicationContext 
2024-09-17T14:39:16.541 [restartedMain] INFO o.s.b.w.s.c.ServletWebServerApplicationContext - Root WebApplicationContext: initialization completed in 308 ms 
2024-09-17T14:39:16.739 [restartedMain] INFO o.s.b.d.a.OptionalLiveReloadServer - LiveReload server is running on port 35729 
2024-09-17T14:39:16.745 [restartedMain] INFO o.a.c.h.Http11NioProtocol - Starting ProtocolHandler ["http-nio-8080"] 
2024-09-17T14:39:16.749 [restartedMain] INFO o.s.b.w.e.t.TomcatWebServer - Tomcat started on port 8080 (http) with context path '/' 
2024-09-17T14:39:16.753 [restartedMain] INFO c.s.ShinchanApplication - Started ShinchanApplication in 0.619 seconds (process running for 0.841) 
2024-09-17T14:39:22.635 [http-nio-8080-exec-1] INFO o.a.c.c.C.[.[.[/] - Initializing Spring DispatcherServlet 'dispatcherServlet' 
2024-09-17T14:39:22.635 [http-nio-8080-exec-1] INFO o.s.w.s.DispatcherServlet - Initializing Servlet 'dispatcherServlet' 
2024-09-17T14:39:22.636 [http-nio-8080-exec-1] INFO o.s.w.s.DispatcherServlet - Completed initialization in 1 ms 
2024-09-17T14:39:22.663 [http-nio-8080-exec-1] INFO c.z.h.HikariDataSource - HikariPool-1 - Starting... 
2024-09-17T14:39:22.767 [http-nio-8080-exec-1] INFO c.z.h.p.HikariPool - HikariPool-1 - Added connection net.sf.log4jdbc.sql.jdbcapi.ConnectionSpy@6b556d08 
2024-09-17T14:39:22.768 [http-nio-8080-exec-1] INFO c.z.h.HikariDataSource - HikariPool-1 - Start completed. 
2024-09-17T14:39:22.776 [http-nio-8080-exec-1] DEBUG j.sqltiming -  com.zaxxer.hikari.pool.ProxyPreparedStatement.execute(ProxyPreparedStatement.java:44)
1. select
			a.prseq
			,a.prProdName
			,a.prUseNY
			,a.prProdDesc
			,a.prReguPrice
			,a.prSalePrice
			,a.prInventory
			,a.prReDate
			,a.prMoDate
			,a.prDelNY
		from 
			product a
		where 1 = 1
 {executed in 3 msec} 
2024-09-17T14:39:23.870 [http-nio-8080-exec-5] DEBUG j.sqltiming -  com.zaxxer.hikari.pool.ProxyPreparedStatement.execute(ProxyPreparedStatement.java:44)
1. select
			a.memseq
			,a.memName
   			,a.memGender
			,a.memId
			,a.memPassword
   			,a.memEmail
   			,a.memPhoneNum
   			,a.memReDate
   			,a.memMoDate
			,a.memDelNY
		from
			member a
		where 1 = 1
 {executed in 2 msec} 
2024-09-17T14:55:37.967 [http-nio-8080-exec-5] DEBUG j.sqltiming -  com.zaxxer.hikari.pool.ProxyPreparedStatement.execute(ProxyPreparedStatement.java:44)
1. select
			a.memseq
    		,a.memName
   			,a.memGender
   			,a.memId
    		,a.memPassword
   		 	,a.memEmail
   		 	,a.memPhoneNum
    		,a.memReDate
    		,a.memMoDate
    		,a.memDelNY
		from
			member a
 		where 1 = 1
 			and a.memseq = '1'
 {executed in 2 msec} 
2024-09-17T14:55:40.736 [http-nio-8080-exec-10] DEBUG j.sqltiming -  com.zaxxer.hikari.pool.ProxyPreparedStatement.execute(ProxyPreparedStatement.java:44)
1. select
			a.memseq
			,a.memName
   			,a.memGender
			,a.memId
			,a.memPassword
   			,a.memEmail
   			,a.memPhoneNum
   			,a.memReDate
   			,a.memMoDate
			,a.memDelNY
		from
			member a
		where 1 = 1
 {executed in 1 msec} 
2024-09-17T14:55:41.640 [http-nio-8080-exec-8] DEBUG j.sqltiming -  com.zaxxer.hikari.pool.ProxyPreparedStatement.execute(ProxyPreparedStatement.java:44)
1. select
			a.memseq
    		,a.memName
   			,a.memGender
   			,a.memId
    		,a.memPassword
   		 	,a.memEmail
   		 	,a.memPhoneNum
    		,a.memReDate
    		,a.memMoDate
    		,a.memDelNY
		from
			member a
 		where 1 = 1
 			and a.memseq = '1'
 {executed in 2 msec} 
2024-09-17T14:55:45.450 [http-nio-8080-exec-2] DEBUG j.sqltiming -  com.zaxxer.hikari.pool.ProxyPreparedStatement.execute(ProxyPreparedStatement.java:44)
1. update member
		set
			memName = '신짱구'
			,memGender = 0
			,memId = 'shinjjang123'
			,memPassword = 'jjang34'
			,memEmail = 'shinjjang12@gmail.com'
			,memPhoneNum = '010-0327-0916'
			,memDelNY = NULL
		where 1 = 1
			and memseq = '1'
 {executed in 6 msec} 
2024-09-17T14:55:45.473 [http-nio-8080-exec-5] DEBUG j.sqltiming -  com.zaxxer.hikari.pool.ProxyPreparedStatement.execute(ProxyPreparedStatement.java:44)
1. select
			a.memseq
			,a.memName
   			,a.memGender
			,a.memId
			,a.memPassword
   			,a.memEmail
   			,a.memPhoneNum
   			,a.memReDate
   			,a.memMoDate
			,a.memDelNY
		from
			member a
		where 1 = 1
 {executed in 2 msec} 
2024-09-17T14:55:49.471 [http-nio-8080-exec-1] DEBUG j.sqltiming -  com.zaxxer.hikari.pool.ProxyPreparedStatement.execute(ProxyPreparedStatement.java:44)
1. select
			a.memseq
    		,a.memName
   			,a.memGender
   			,a.memId
    		,a.memPassword
   		 	,a.memEmail
   		 	,a.memPhoneNum
    		,a.memReDate
    		,a.memMoDate
    		,a.memDelNY
		from
			member a
 		where 1 = 1
 			and a.memseq = '1'
 {executed in 2 msec} 
2024-09-17T14:55:52.780 [http-nio-8080-exec-8] DEBUG j.sqltiming -  com.zaxxer.hikari.pool.ProxyPreparedStatement.execute(ProxyPreparedStatement.java:44)
1. select
			a.memseq
			,a.memName
   			,a.memGender
			,a.memId
			,a.memPassword
   			,a.memEmail
   			,a.memPhoneNum
   			,a.memReDate
   			,a.memMoDate
			,a.memDelNY
		from
			member a
		where 1 = 1
 {executed in 1 msec} 
2024-09-17T14:55:54.383 [http-nio-8080-exec-2] DEBUG j.sqltiming -  com.zaxxer.hikari.pool.ProxyPreparedStatement.execute(ProxyPreparedStatement.java:44)
1. select
			a.memseq
    		,a.memName
   			,a.memGender
   			,a.memId
    		,a.memPassword
   		 	,a.memEmail
   		 	,a.memPhoneNum
    		,a.memReDate
    		,a.memMoDate
    		,a.memDelNY
		from
			member a
 		where 1 = 1
 			and a.memseq = '1'
 {executed in 1 msec} 
2024-09-17T14:55:57.956 [http-nio-8080-exec-9] DEBUG j.sqltiming -  com.zaxxer.hikari.pool.ProxyPreparedStatement.execute(ProxyPreparedStatement.java:44)
1. select
			a.memseq
			,a.memName
   			,a.memGender
			,a.memId
			,a.memPassword
   			,a.memEmail
   			,a.memPhoneNum
   			,a.memReDate
   			,a.memMoDate
			,a.memDelNY
		from
			member a
		where 1 = 1
 {executed in 1 msec} 
