2024-09-12T13:53:31.222 [http-nio-8080-exec-10] DEBUG j.sqltiming -  com.zaxxer.hikari.pool.ProxyPreparedStatement.execute(ProxyPreparedStatement.java:44)
21. select
			a.seq
			,a.cg_Name
			,a.cg_UseNY
			,a.cg_Order
			,a.cg_Desc
			,a.cg_ReDate
			,a.cg_MoDate
			,a.cg_DelNY
			,(select count(b.CodeGroup_seq) from code b where 1 = 1 and b.CodeGroup_seq = a.seq) as codeGroupCount
		from
			CodeGroup a
		where 1 = 1

		 AND a.cg_ReDate BETWEEN '2024-09-01' AND '2024-09-27' 

		order by
			a.seq desc
 {executed in 2 msec} 
2024-09-12T13:53:31.416 [http-nio-8080-exec-10] DEBUG j.sqltiming -  com.zaxxer.hikari.pool.ProxyPreparedStatement.execute(ProxyPreparedStatement.java:44)
21. select
			a.seq
			,a.cg_Name
			,a.cg_UseNY
			,a.cg_Order
			,a.cg_Desc
			,a.cg_ReDate
			,a.cg_MoDate
			,a.cg_DelNY
			,(select count(b.CodeGroup_seq) from code b where 1 = 1 and b.CodeGroup_seq = a.seq) as codeGroupCount
		from
			CodeGroup a
		where 1 = 1

		 AND a.cg_ReDate BETWEEN '2024-09-01' AND '2024-09-27' 

		order by
			a.seq desc
 {executed in 2 msec} 
2024-09-12T13:53:31.572 [http-nio-8080-exec-3] DEBUG j.sqltiming -  com.zaxxer.hikari.pool.ProxyPreparedStatement.execute(ProxyPreparedStatement.java:44)
21. select
			a.seq
			,a.cg_Name
			,a.cg_UseNY
			,a.cg_Order
			,a.cg_Desc
			,a.cg_ReDate
			,a.cg_MoDate
			,a.cg_DelNY
			,(select count(b.CodeGroup_seq) from code b where 1 = 1 and b.CodeGroup_seq = a.seq) as codeGroupCount
		from
			CodeGroup a
		where 1 = 1

		 AND a.cg_ReDate BETWEEN '2024-09-01' AND '2024-09-27' 

		order by
			a.seq desc
 {executed in 2 msec} 
2024-09-12T13:53:31.739 [http-nio-8080-exec-10] DEBUG j.sqltiming -  com.zaxxer.hikari.pool.ProxyPreparedStatement.execute(ProxyPreparedStatement.java:44)
21. select
			a.seq
			,a.cg_Name
			,a.cg_UseNY
			,a.cg_Order
			,a.cg_Desc
			,a.cg_ReDate
			,a.cg_MoDate
			,a.cg_DelNY
			,(select count(b.CodeGroup_seq) from code b where 1 = 1 and b.CodeGroup_seq = a.seq) as codeGroupCount
		from
			CodeGroup a
		where 1 = 1

		 AND a.cg_ReDate BETWEEN '2024-09-01' AND '2024-09-27' 

		order by
			a.seq desc
 {executed in 1 msec} 
2024-09-12T13:53:31.904 [http-nio-8080-exec-5] DEBUG j.sqltiming -  com.zaxxer.hikari.pool.ProxyPreparedStatement.execute(ProxyPreparedStatement.java:44)
21. select
			a.seq
			,a.cg_Name
			,a.cg_UseNY
			,a.cg_Order
			,a.cg_Desc
			,a.cg_ReDate
			,a.cg_MoDate
			,a.cg_DelNY
			,(select count(b.CodeGroup_seq) from code b where 1 = 1 and b.CodeGroup_seq = a.seq) as codeGroupCount
		from
			CodeGroup a
		where 1 = 1

		 AND a.cg_ReDate BETWEEN '2024-09-01' AND '2024-09-27' 

		order by
			a.seq desc
 {executed in 2 msec} 
2024-09-12T13:53:48.043 [http-nio-8080-exec-4] DEBUG j.sqltiming -  com.zaxxer.hikari.pool.ProxyPreparedStatement.execute(ProxyPreparedStatement.java:44)
21. select
			a.seq
			,a.cg_Name
			,a.cg_UseNY
			,a.cg_Order
			,a.cg_Desc
			,a.cg_ReDate
			,a.cg_MoDate
			,a.cg_DelNY
			,(select count(b.CodeGroup_seq) from code b where 1 = 1 and b.CodeGroup_seq = a.seq) as codeGroupCount
		from
			CodeGroup a
		where 1 = 1

		 AND a.cg_ReDate BETWEEN '2024-09-01' AND '2024-09-27' 

		order by
			a.seq desc
 {executed in 2 msec} 
2024-09-12T13:53:50.820 [http-nio-8080-exec-5] DEBUG j.sqltiming -  com.zaxxer.hikari.pool.ProxyPreparedStatement.execute(ProxyPreparedStatement.java:44)
21. select
			a.seq
			,a.cg_Name
			,a.cg_UseNY
			,a.cg_Order
			,a.cg_Desc
			,a.cg_ReDate
			,a.cg_MoDate
			,a.cg_DelNY
			,(select count(b.CodeGroup_seq) from code b where 1 = 1 and b.CodeGroup_seq = a.seq) as codeGroupCount
		from
			CodeGroup a
		where 1 = 1

		 AND a.cg_ReDate BETWEEN '2024-09-01' AND '2024-09-27' 

		order by
			a.seq desc
 {executed in 2 msec} 
2024-09-12T13:53:50.996 [http-nio-8080-exec-10] DEBUG j.sqltiming -  com.zaxxer.hikari.pool.ProxyPreparedStatement.execute(ProxyPreparedStatement.java:44)
21. select
			a.seq
			,a.cg_Name
			,a.cg_UseNY
			,a.cg_Order
			,a.cg_Desc
			,a.cg_ReDate
			,a.cg_MoDate
			,a.cg_DelNY
			,(select count(b.CodeGroup_seq) from code b where 1 = 1 and b.CodeGroup_seq = a.seq) as codeGroupCount
		from
			CodeGroup a
		where 1 = 1

		 AND a.cg_ReDate BETWEEN '2024-09-01' AND '2024-09-27' 

		order by
			a.seq desc
 {executed in 1 msec} 
2024-09-12T13:54:44.881 [http-nio-8080-exec-4] DEBUG j.sqltiming -  com.zaxxer.hikari.pool.ProxyPreparedStatement.execute(ProxyPreparedStatement.java:44)
28. select
			a.seq
			,a.cg_Name
			,a.cg_UseNY
			,a.cg_Order
			,a.cg_Desc
			,a.cg_ReDate
			,a.cg_MoDate
			,a.cg_DelNY
			,(select count(b.CodeGroup_seq) from code b where 1 = 1 and b.CodeGroup_seq = a.seq) as codeGroupCount
		from
			CodeGroup a
		where 1 = 1

		 AND a.cg_ReDate BETWEEN '2024-09-01' AND '2024-09-27' 

		order by
			a.seq desc
 {executed in 2 msec} 
2024-09-12T13:54:51.416 [http-nio-8080-exec-8] DEBUG j.sqltiming -  com.zaxxer.hikari.pool.ProxyPreparedStatement.execute(ProxyPreparedStatement.java:44)
31. select
			a.seq
			,a.cg_Name
			,a.cg_UseNY
			,a.cg_Order
			,a.cg_Desc
			,a.cg_ReDate
			,a.cg_MoDate
			,a.cg_DelNY
			,(select count(b.CodeGroup_seq) from code b where 1 = 1 and b.CodeGroup_seq = a.seq) as codeGroupCount
		from
			CodeGroup a
		where 1 = 1

		 AND a.cg_ReDate BETWEEN '2024-09-01' AND '2024-09-27' 

		order by
			a.seq desc
 {executed in 1 msec} 
2024-09-12T13:54:56.280 [http-nio-8080-exec-5] DEBUG j.sqltiming -  com.zaxxer.hikari.pool.ProxyPreparedStatement.execute(ProxyPreparedStatement.java:44)
31. select
			a.seq
			,a.cg_Name
			,a.cg_UseNY
			,a.cg_Order
			,a.cg_Desc
			,a.cg_ReDate
			,a.cg_MoDate
			,a.cg_DelNY
			,(select count(b.CodeGroup_seq) from code b where 1 = 1 and b.CodeGroup_seq = a.seq) as codeGroupCount
		from
			CodeGroup a
		where 1 = 1

		 AND a.cg_ReDate BETWEEN '2024-09-01' AND '2024-09-27' 

		order by
			a.seq desc
 {executed in 2 msec} 
2024-09-12T13:56:52.888 [http-nio-8080-exec-8] DEBUG j.sqltiming -  com.zaxxer.hikari.pool.ProxyPreparedStatement.execute(ProxyPreparedStatement.java:44)
31. select
			a.seq
			,a.cg_Name
			,a.cg_UseNY
			,a.cg_Order
			,a.cg_Desc
			,a.cg_ReDate
			,a.cg_MoDate
			,a.cg_DelNY
			,(select count(b.CodeGroup_seq) from code b where 1 = 1 and b.CodeGroup_seq = a.seq) as codeGroupCount
		from
			CodeGroup a
		where 1 = 1

		 AND a.cg_ReDate BETWEEN '2024-09-01' AND '2024-09-27' 

		order by
			a.seq desc
 {executed in 1 msec} 
2024-09-12T13:56:53.067 [http-nio-8080-exec-10] DEBUG j.sqltiming -  com.zaxxer.hikari.pool.ProxyPreparedStatement.execute(ProxyPreparedStatement.java:44)
31. select
			a.seq
			,a.cg_Name
			,a.cg_UseNY
			,a.cg_Order
			,a.cg_Desc
			,a.cg_ReDate
			,a.cg_MoDate
			,a.cg_DelNY
			,(select count(b.CodeGroup_seq) from code b where 1 = 1 and b.CodeGroup_seq = a.seq) as codeGroupCount
		from
			CodeGroup a
		where 1 = 1

		 AND a.cg_ReDate BETWEEN '2024-09-01' AND '2024-09-27' 

		order by
			a.seq desc
 {executed in 2 msec} 
2024-09-12T13:56:53.259 [http-nio-8080-exec-3] DEBUG j.sqltiming -  com.zaxxer.hikari.pool.ProxyPreparedStatement.execute(ProxyPreparedStatement.java:44)
31. select
			a.seq
			,a.cg_Name
			,a.cg_UseNY
			,a.cg_Order
			,a.cg_Desc
			,a.cg_ReDate
			,a.cg_MoDate
			,a.cg_DelNY
			,(select count(b.CodeGroup_seq) from code b where 1 = 1 and b.CodeGroup_seq = a.seq) as codeGroupCount
		from
			CodeGroup a
		where 1 = 1

		 AND a.cg_ReDate BETWEEN '2024-09-01' AND '2024-09-27' 

		order by
			a.seq desc
 {executed in 1 msec} 
2024-09-12T13:57:05.693 [http-nio-8080-exec-2] DEBUG j.sqltiming -  com.zaxxer.hikari.pool.ProxyPreparedStatement.execute(ProxyPreparedStatement.java:44)
31. select
			a.seq
			,a.cg_Name
			,a.cg_UseNY
			,a.cg_Order
			,a.cg_Desc
			,a.cg_ReDate
			,a.cg_MoDate
			,a.cg_DelNY
			,(select count(b.CodeGroup_seq) from code b where 1 = 1 and b.CodeGroup_seq = a.seq) as codeGroupCount
		from
			CodeGroup a
		where 1 = 1

		 AND a.cg_ReDate BETWEEN '2024-09-01' AND '2024-09-27' 

		order by
			a.seq desc
 {executed in 1 msec} 
2024-09-12T13:57:24.776 [http-nio-8080-exec-5] DEBUG j.sqltiming -  com.zaxxer.hikari.pool.ProxyPreparedStatement.execute(ProxyPreparedStatement.java:44)
31. select
			a.seq
			,a.cg_Name
			,a.cg_UseNY
			,a.cg_Order
			,a.cg_Desc
			,a.cg_ReDate
			,a.cg_MoDate
			,a.cg_DelNY
			,(select count(b.CodeGroup_seq) from code b where 1 = 1 and b.CodeGroup_seq = a.seq) as codeGroupCount
		from
			CodeGroup a
		where 1 = 1

		order by
			a.seq desc
 {executed in 2 msec} 
2024-09-12T13:58:11.886 [http-nio-8080-exec-10] DEBUG j.sqltiming -  com.zaxxer.hikari.pool.ProxyPreparedStatement.execute(ProxyPreparedStatement.java:44)
31. select
			a.seq
			,a.cg_Name
			,a.cg_UseNY
			,a.cg_Order
			,a.cg_Desc
			,a.cg_ReDate
			,a.cg_MoDate
			,a.cg_DelNY
			,(select count(b.CodeGroup_seq) from code b where 1 = 1 and b.CodeGroup_seq = a.seq) as codeGroupCount
		from
			CodeGroup a
		where 1 = 1

		order by
			a.seq desc
 {executed in 1 msec} 
2024-09-12T13:59:04.318 [http-nio-8080-exec-7] DEBUG j.sqltiming -  com.zaxxer.hikari.pool.ProxyPreparedStatement.execute(ProxyPreparedStatement.java:44)
31. select
			a.seq
			,a.cg_Name
			,a.cg_UseNY
			,a.cg_Order
			,a.cg_Desc
			,a.cg_ReDate
			,a.cg_MoDate
			,a.cg_DelNY
			,(select count(b.CodeGroup_seq) from code b where 1 = 1 and b.CodeGroup_seq = a.seq) as codeGroupCount
		from
			CodeGroup a
		where 1 = 1

		order by
			a.seq desc
 {executed in 1 msec} 
2024-09-12T13:59:05.011 [File Watcher] INFO o.s.b.d.a.LocalDevToolsAutoConfiguration$RestartingClassPathChangeChangedEventListener - Restarting due to 1 class path change (0 additions, 0 deletions, 1 modification) 
2024-09-12T13:59:05.020 [Thread-5] INFO o.a.c.h.Http11NioProtocol - Stopping ProtocolHandler ["http-nio-8080"] 
2024-09-12T13:59:05.032 [Thread-5] INFO c.z.h.HikariDataSource - HikariPool-1 - Shutdown initiated... 
2024-09-12T13:59:05.036 [Thread-5] INFO c.z.h.HikariDataSource - HikariPool-1 - Shutdown completed. 
2024-09-12T13:59:05.080 [restartedMain] INFO c.s.ShinchanApplication - Starting ShinchanApplication using Java 17.0.11 with PID 4148 (/Users/shinnosuke/Desktop/shinnosuke/factory/workspace/ws_sts4_4240/repo_shinchan/shinchan/bin/main started by shinnosuke in /Users/shinnosuke/Desktop/shinnosuke/factory/workspace/ws_sts4_4240/repo_shinchan/shinchan) 
2024-09-12T13:59:05.081 [restartedMain] INFO c.s.ShinchanApplication - No active profile set, falling back to 1 default profile: "default" 
2024-09-12T13:59:05.199 [restartedMain] INFO o.s.b.w.e.t.TomcatWebServer - Tomcat initialized with port 8080 (http) 
2024-09-12T13:59:05.200 [restartedMain] INFO o.a.c.h.Http11NioProtocol - Initializing ProtocolHandler ["http-nio-8080"] 
2024-09-12T13:59:05.200 [restartedMain] INFO o.a.c.c.StandardService - Starting service [Tomcat] 
2024-09-12T13:59:05.200 [restartedMain] INFO o.a.c.c.StandardEngine - Starting Servlet engine: [Apache Tomcat/10.1.28] 
2024-09-12T13:59:05.205 [restartedMain] INFO o.a.c.c.C.[.[.[/] - Initializing Spring embedded WebApplicationContext 
2024-09-12T13:59:05.205 [restartedMain] INFO o.s.b.w.s.c.ServletWebServerApplicationContext - Root WebApplicationContext: initialization completed in 123 ms 
2024-09-12T13:59:05.322 [restartedMain] INFO o.s.b.d.a.OptionalLiveReloadServer - LiveReload server is running on port 35729 
2024-09-12T13:59:05.329 [restartedMain] INFO o.a.c.h.Http11NioProtocol - Starting ProtocolHandler ["http-nio-8080"] 
2024-09-12T13:59:05.329 [restartedMain] INFO o.s.b.w.e.t.TomcatWebServer - Tomcat started on port 8080 (http) with context path '/' 
2024-09-12T13:59:05.333 [restartedMain] INFO c.s.ShinchanApplication - Started ShinchanApplication in 0.269 seconds (process running for 5624.341) 
2024-09-12T13:59:05.334 [restartedMain] INFO o.s.b.d.a.ConditionEvaluationDeltaLoggingListener - Condition evaluation unchanged 
2024-09-12T13:59:11.835 [http-nio-8080-exec-1] INFO o.a.c.c.C.[.[.[/] - Initializing Spring DispatcherServlet 'dispatcherServlet' 
2024-09-12T13:59:11.835 [http-nio-8080-exec-1] INFO o.s.w.s.DispatcherServlet - Initializing Servlet 'dispatcherServlet' 
2024-09-12T13:59:11.836 [http-nio-8080-exec-1] INFO o.s.w.s.DispatcherServlet - Completed initialization in 1 ms 
2024-09-12T13:59:11.841 [http-nio-8080-exec-1] INFO c.z.h.HikariDataSource - HikariPool-2 - Starting... 
2024-09-12T13:59:11.861 [http-nio-8080-exec-1] INFO c.z.h.p.HikariPool - HikariPool-2 - Added connection net.sf.log4jdbc.sql.jdbcapi.ConnectionSpy@313dfaae 
2024-09-12T13:59:11.861 [http-nio-8080-exec-1] INFO c.z.h.HikariDataSource - HikariPool-2 - Start completed. 
2024-09-12T13:59:11.864 [http-nio-8080-exec-1] DEBUG j.sqltiming -  com.zaxxer.hikari.pool.ProxyPreparedStatement.execute(ProxyPreparedStatement.java:44)
41. select
			a.seq
			,a.cg_Name
			,a.cg_UseNY
			,a.cg_Order
			,a.cg_Desc
			,a.cg_ReDate
			,a.cg_MoDate
			,a.cg_DelNY
			,(select count(b.CodeGroup_seq) from code b where 1 = 1 and b.CodeGroup_seq = a.seq) as codeGroupCount
		from
			CodeGroup a
		where 1 = 1

		order by
			a.seq desc
 {executed in 1 msec} 
2024-09-12T13:59:39.421 [http-nio-8080-exec-10] DEBUG j.sqltiming -  com.zaxxer.hikari.pool.ProxyPreparedStatement.execute(ProxyPreparedStatement.java:44)
41. select
			a.seq
			,a.cg_Name
			,a.cg_UseNY
			,a.cg_Order
			,a.cg_Desc
			,a.cg_ReDate
			,a.cg_MoDate
			,a.cg_DelNY
			,(select count(b.CodeGroup_seq) from code b where 1 = 1 and b.CodeGroup_seq = a.seq) as codeGroupCount
		from
			CodeGroup a
		where 1 = 1

		order by
			a.seq desc
 {executed in 1 msec} 
