2024-09-15T14:25:19.848 [HikariPool-7 housekeeper] WARN c.z.h.p.HikariPool - HikariPool-7 - Thread starvation or clock leap detected (housekeeper delta=44m2s953ms). 
2024-09-15T14:51:11.131 [HikariPool-7 housekeeper] WARN c.z.h.p.HikariPool - HikariPool-7 - Thread starvation or clock leap detected (housekeeper delta=25m51s283ms). 
2024-09-15T14:52:28.577 [RMI TCP Connection(356)-127.0.0.1] INFO o.s.b.a.SpringApplicationAdminMXBeanRegistrar$SpringApplicationAdmin - Application shutdown requested. 
2024-09-15T14:52:28.577 [RMI TCP Connection(356)-127.0.0.1] INFO o.a.c.h.Http11NioProtocol - Stopping ProtocolHandler ["http-nio-8080"] 
2024-09-15T14:52:28.580 [RMI TCP Connection(356)-127.0.0.1] INFO c.z.h.HikariDataSource - HikariPool-7 - Shutdown initiated... 
2024-09-15T14:52:28.582 [RMI TCP Connection(356)-127.0.0.1] INFO c.z.h.HikariDataSource - HikariPool-7 - Shutdown completed. 
2024-09-15T14:52:29.626 [restartedMain] INFO c.s.ShinchanApplication - Starting ShinchanApplication using Java 17.0.11 with PID 21836 (/Users/shinnosuke/Desktop/shinnosuke/factory/workspace/ws_sts4_4240/repo_shinchan/shinchan/bin/main started by shinnosuke in /Users/shinnosuke/Desktop/shinnosuke/factory/workspace/ws_sts4_4240/repo_shinchan/shinchan) 
2024-09-15T14:52:29.628 [restartedMain] INFO c.s.ShinchanApplication - No active profile set, falling back to 1 default profile: "default" 
2024-09-15T14:52:29.648 [restartedMain] INFO o.s.b.d.e.DevToolsPropertyDefaultsPostProcessor - Devtools property defaults active! Set 'spring.devtools.add-properties' to 'false' to disable 
2024-09-15T14:52:29.648 [restartedMain] INFO o.s.b.d.e.DevToolsPropertyDefaultsPostProcessor - For additional web related logging consider setting the 'logging.level.web' property to 'DEBUG' 
2024-09-15T14:52:30.141 [restartedMain] INFO o.s.b.w.e.t.TomcatWebServer - Tomcat initialized with port 8080 (http) 
2024-09-15T14:52:30.147 [restartedMain] INFO o.a.c.h.Http11NioProtocol - Initializing ProtocolHandler ["http-nio-8080"] 
2024-09-15T14:52:30.149 [restartedMain] INFO o.a.c.c.StandardService - Starting service [Tomcat] 
2024-09-15T14:52:30.149 [restartedMain] INFO o.a.c.c.StandardEngine - Starting Servlet engine: [Apache Tomcat/10.1.28] 
2024-09-15T14:52:30.170 [restartedMain] INFO o.a.c.c.C.[.[.[/] - Initializing Spring embedded WebApplicationContext 
2024-09-15T14:52:30.171 [restartedMain] INFO o.s.b.w.s.c.ServletWebServerApplicationContext - Root WebApplicationContext: initialization completed in 523 ms 
2024-09-15T14:52:30.511 [restartedMain] INFO o.s.b.d.a.OptionalLiveReloadServer - LiveReload server is running on port 35729 
2024-09-15T14:52:30.522 [restartedMain] INFO o.a.c.h.Http11NioProtocol - Starting ProtocolHandler ["http-nio-8080"] 
2024-09-15T14:52:30.530 [restartedMain] INFO o.s.b.w.e.t.TomcatWebServer - Tomcat started on port 8080 (http) with context path '/' 
2024-09-15T14:52:30.538 [restartedMain] INFO c.s.ShinchanApplication - Started ShinchanApplication in 1.065 seconds (process running for 1.429) 
2024-09-15T14:53:34.253 [http-nio-8080-exec-1] INFO o.a.c.c.C.[.[.[/] - Initializing Spring DispatcherServlet 'dispatcherServlet' 
2024-09-15T14:53:34.253 [http-nio-8080-exec-1] INFO o.s.w.s.DispatcherServlet - Initializing Servlet 'dispatcherServlet' 
2024-09-15T14:53:34.254 [http-nio-8080-exec-1] INFO o.s.w.s.DispatcherServlet - Completed initialization in 1 ms 
2024-09-15T14:59:38.833 [http-nio-8080-exec-1] INFO c.z.h.HikariDataSource - HikariPool-1 - Starting... 
2024-09-15T14:59:39.009 [http-nio-8080-exec-1] INFO c.z.h.p.HikariPool - HikariPool-1 - Added connection net.sf.log4jdbc.sql.jdbcapi.ConnectionSpy@379c86f0 
2024-09-15T14:59:39.010 [http-nio-8080-exec-1] INFO c.z.h.HikariDataSource - HikariPool-1 - Start completed. 
2024-09-15T14:59:39.025 [http-nio-8080-exec-1] DEBUG j.sqltiming -  com.zaxxer.hikari.pool.ProxyPreparedStatement.execute(ProxyPreparedStatement.java:44)
1. select
			a.seq
			,a.cg_Name
			,a.cg_UseNY
			,a.cg_Order
			,a.cg_Desc
			,a.cg_ReDate
			,a.cg_MoDate
			,a.cg_DelNY
		from
			CodeGroup a
		where 1 =1
			and a.seq = NULL
 {executed in 4 msec} 
