2024-09-12T12:24:13.926 [restartedMain] INFO c.s.ShinchanApplication - Starting ShinchanApplication using Java 17.0.11 with PID 1393 (/Users/shinnosuke/Desktop/shinnosuke/factory/workspace/ws_sts4_4240/repo_shinchan/shinchan/bin/main started by shinnosuke in /Users/shinnosuke/Desktop/shinnosuke/factory/workspace/ws_sts4_4240/repo_shinchan/shinchan) 
2024-09-12T12:24:13.926 [restartedMain] INFO c.s.ShinchanApplication - No active profile set, falling back to 1 default profile: "default" 
2024-09-12T12:24:14.013 [restartedMain] INFO o.s.b.w.e.t.TomcatWebServer - Tomcat initialized with port 8080 (http) 
2024-09-12T12:24:14.014 [restartedMain] INFO o.a.c.c.StandardService - Starting service [Tomcat] 
2024-09-12T12:24:14.014 [restartedMain] INFO o.a.c.c.StandardEngine - Starting Servlet engine: [Apache Tomcat/10.1.28] 
2024-09-12T12:24:14.017 [restartedMain] INFO o.a.c.c.C.[.[.[/] - Initializing Spring embedded WebApplicationContext 
2024-09-12T12:24:14.017 [restartedMain] INFO o.s.b.w.s.c.ServletWebServerApplicationContext - Root WebApplicationContext: initialization completed in 90 ms 
2024-09-12T12:24:14.025 [restartedMain] ERROR c.z.h.HikariConfig - Failed to load driver class net.sf.log4jdbc.sql.jdbcapi.DriverSpy from HikariConfig class classloader jdk.internal.loader.ClassLoaders$AppClassLoader@251a69d7 
2024-09-12T12:24:14.025 [restartedMain] WARN o.s.b.w.s.c.AnnotationConfigServletWebServerApplicationContext - Exception encountered during context initialization - cancelling refresh attempt: org.springframework.beans.factory.UnsatisfiedDependencyException: Error creating bean with name 'codeController': Unsatisfied dependency expressed through field 'CodeService': Error creating bean with name 'codeService': Unsatisfied dependency expressed through field 'CodeDao': Error creating bean with name 'codeDao' defined in file [/Users/shinnosuke/Desktop/shinnosuke/factory/workspace/ws_sts4_4240/repo_shinchan/shinchan/bin/main/com/shinnosuke/infra/code/CodeDao.class]: Cannot resolve reference to bean 'sqlSessionFactoryMysqlMain' while setting bean property 'sqlSessionFactory' 
2024-09-12T12:24:14.025 [restartedMain] INFO o.a.c.c.StandardService - Stopping service [Tomcat] 
2024-09-12T12:24:14.029 [restartedMain] INFO o.s.b.a.l.ConditionEvaluationReportLogger - 

Error starting ApplicationContext. To display the condition evaluation report re-run your application with 'debug' enabled. 
2024-09-12T12:24:14.030 [restartedMain] ERROR o.s.b.d.LoggingFailureAnalysisReporter - 

***************************
APPLICATION FAILED TO START
***************************

Description:

Failed to bind properties under 'spring.datasource.mysql.main' to javax.sql.DataSource:

    Property: spring.datasource.mysql.main.driver-class-name
    Value: "net.sf.log4jdbc.sql.jdbcapi.DriverSpy"
    Origin: class path resource [application.properties] - 5:48
    Reason: java.lang.RuntimeException: Failed to load driver class net.sf.log4jdbc.sql.jdbcapi.DriverSpy in either of HikariConfig class loader or Thread context classloader

Action:

Update your application's configuration
 
2024-09-12T12:25:21.584 [restartedMain] INFO c.s.ShinchanApplication - Starting ShinchanApplication using Java 17.0.11 with PID 4148 (/Users/shinnosuke/Desktop/shinnosuke/factory/workspace/ws_sts4_4240/repo_shinchan/shinchan/bin/main started by shinnosuke in /Users/shinnosuke/Desktop/shinnosuke/factory/workspace/ws_sts4_4240/repo_shinchan/shinchan) 
2024-09-12T12:25:21.585 [restartedMain] INFO c.s.ShinchanApplication - No active profile set, falling back to 1 default profile: "default" 
2024-09-12T12:25:21.605 [restartedMain] INFO o.s.b.d.e.DevToolsPropertyDefaultsPostProcessor - Devtools property defaults active! Set 'spring.devtools.add-properties' to 'false' to disable 
2024-09-12T12:25:21.605 [restartedMain] INFO o.s.b.d.e.DevToolsPropertyDefaultsPostProcessor - For additional web related logging consider setting the 'logging.level.web' property to 'DEBUG' 
2024-09-12T12:25:22.087 [restartedMain] INFO o.s.b.w.e.t.TomcatWebServer - Tomcat initialized with port 8080 (http) 
2024-09-12T12:25:22.092 [restartedMain] INFO o.a.c.h.Http11NioProtocol - Initializing ProtocolHandler ["http-nio-8080"] 
2024-09-12T12:25:22.094 [restartedMain] INFO o.a.c.c.StandardService - Starting service [Tomcat] 
2024-09-12T12:25:22.094 [restartedMain] INFO o.a.c.c.StandardEngine - Starting Servlet engine: [Apache Tomcat/10.1.28] 
2024-09-12T12:25:22.116 [restartedMain] INFO o.a.c.c.C.[.[.[/] - Initializing Spring embedded WebApplicationContext 
2024-09-12T12:25:22.116 [restartedMain] INFO o.s.b.w.s.c.ServletWebServerApplicationContext - Root WebApplicationContext: initialization completed in 511 ms 
2024-09-12T12:25:22.459 [restartedMain] INFO o.s.b.d.a.OptionalLiveReloadServer - LiveReload server is running on port 35729 
2024-09-12T12:25:22.470 [restartedMain] INFO o.a.c.h.Http11NioProtocol - Starting ProtocolHandler ["http-nio-8080"] 
2024-09-12T12:25:22.478 [restartedMain] INFO o.s.b.w.e.t.TomcatWebServer - Tomcat started on port 8080 (http) with context path '/' 
2024-09-12T12:25:22.485 [restartedMain] INFO c.s.ShinchanApplication - Started ShinchanApplication in 1.055 seconds (process running for 1.479) 
2024-09-12T12:25:30.929 [http-nio-8080-exec-1] INFO o.a.c.c.C.[.[.[/] - Initializing Spring DispatcherServlet 'dispatcherServlet' 
2024-09-12T12:25:30.929 [http-nio-8080-exec-1] INFO o.s.w.s.DispatcherServlet - Initializing Servlet 'dispatcherServlet' 
2024-09-12T12:25:30.930 [http-nio-8080-exec-1] INFO o.s.w.s.DispatcherServlet - Completed initialization in 1 ms 
2024-09-12T12:25:30.968 [http-nio-8080-exec-1] INFO c.z.h.HikariDataSource - HikariPool-1 - Starting... 
2024-09-12T12:25:31.125 [http-nio-8080-exec-1] INFO c.z.h.p.HikariPool - HikariPool-1 - Added connection net.sf.log4jdbc.sql.jdbcapi.ConnectionSpy@254dd464 
2024-09-12T12:25:31.126 [http-nio-8080-exec-1] INFO c.z.h.HikariDataSource - HikariPool-1 - Start completed. 
2024-09-12T12:25:31.141 [http-nio-8080-exec-1] DEBUG j.sqltiming -  com.zaxxer.hikari.pool.ProxyPreparedStatement.execute(ProxyPreparedStatement.java:44)
1. select
			a.seq
			,a.cg_Name
			,a.cg_UseNY
			,a.cg_Order
			,a.cg_Desc
			,a.cg_ReDate
			,a.cg_MoDate
			,a.cg_DelNY
			,(select count(b.CodeGroup_seq) from code b where 1 = 1 and b.CodeGroup_seq = a.seq) as codeGroupCount
		from
			CodeGroup a
		where 1 = 1

		order by
			a.seq desc
 {executed in 5 msec} 
2024-09-12T12:25:56.270 [http-nio-8080-exec-10] DEBUG j.sqltiming -  com.zaxxer.hikari.pool.ProxyPreparedStatement.execute(ProxyPreparedStatement.java:44)
1. select
			a.seq
			,a.cg_Name
			,a.cg_UseNY
			,a.cg_Order
			,a.cg_Desc
			,a.cg_ReDate
			,a.cg_MoDate
			,a.cg_DelNY
		from
			CodeGroup a
		where 1 =1
			and a.seq = '34'
 {executed in 2 msec} 
2024-09-12T12:26:02.288 [http-nio-8080-exec-3] DEBUG j.sqltiming -  com.zaxxer.hikari.pool.ProxyPreparedStatement.execute(ProxyPreparedStatement.java:44)
1. select
			a.seq
			,a.cg_Name
			,a.cg_UseNY
			,a.cg_Order
			,a.cg_Desc
			,a.cg_ReDate
			,a.cg_MoDate
			,a.cg_DelNY
		from
			CodeGroup a
		where 1 =1
			and a.seq = '34'
 {executed in 1 msec} 
2024-09-12T12:26:20.325 [http-nio-8080-exec-7] DEBUG j.sqltiming -  com.zaxxer.hikari.pool.ProxyPreparedStatement.execute(ProxyPreparedStatement.java:44)
1. select
			a.seq
			,a.cg_Name
			,a.cg_UseNY
			,a.cg_Order
			,a.cg_Desc
			,a.cg_ReDate
			,a.cg_MoDate
			,a.cg_DelNY
			,(select count(b.CodeGroup_seq) from code b where 1 = 1 and b.CodeGroup_seq = a.seq) as codeGroupCount
		from
			CodeGroup a
		where 1 = 1

		order by
			a.seq desc
 {executed in 1 msec} 
2024-09-12T12:26:38.663 [http-nio-8080-exec-3] DEBUG j.sqltiming -  com.zaxxer.hikari.pool.ProxyPreparedStatement.execute(ProxyPreparedStatement.java:44)
1. insert into codegroup(
    		cg_Name
    		,cg_UseNY
    		,cg_Order
    		,cg_Desc
    		,cg_ReDate
    		,cg_MoDate
    		,cg_DelNY
		)value(
    		'df'
    		,1
    		,12
    		,'afds'
    		,now()
    		,now()
    		,0
		)
 {executed in 5 msec} 
2024-09-12T12:26:38.678 [http-nio-8080-exec-5] DEBUG j.sqltiming -  com.zaxxer.hikari.pool.ProxyPreparedStatement.execute(ProxyPreparedStatement.java:44)
1. select
			a.seq
			,a.cg_Name
			,a.cg_UseNY
			,a.cg_Order
			,a.cg_Desc
			,a.cg_ReDate
			,a.cg_MoDate
			,a.cg_DelNY
			,(select count(b.CodeGroup_seq) from code b where 1 = 1 and b.CodeGroup_seq = a.seq) as codeGroupCount
		from
			CodeGroup a
		where 1 = 1

		order by
			a.seq desc
 {executed in 1 msec} 
2024-09-12T12:43:55.779 [http-nio-8080-exec-6] DEBUG j.sqltiming -  com.zaxxer.hikari.pool.ProxyPreparedStatement.execute(ProxyPreparedStatement.java:44)
1. select
			a.seq
			,a.cg_Name
			,a.cg_UseNY
			,a.cg_Order
			,a.cg_Desc
			,a.cg_ReDate
			,a.cg_MoDate
			,a.cg_DelNY
			,(select count(b.CodeGroup_seq) from code b where 1 = 1 and b.CodeGroup_seq = a.seq) as codeGroupCount
		from
			CodeGroup a
		where 1 = 1

		 AND a.cg_ReDate BETWEEN '2024-09-01' AND '2024-09-27' 

		order by
			a.seq desc
 {executed in 2 msec} 
