2024-09-13T10:05:07.089 [http-nio-8080-exec-1] INFO o.a.c.c.C.[.[.[/] - Initializing Spring DispatcherServlet 'dispatcherServlet' 
2024-09-13T10:05:07.091 [http-nio-8080-exec-1] INFO o.s.w.s.DispatcherServlet - Initializing Servlet 'dispatcherServlet' 
2024-09-13T10:05:07.093 [http-nio-8080-exec-1] INFO o.s.w.s.DispatcherServlet - Completed initialization in 1 ms 
2024-09-13T10:07:40.017 [File Watcher] INFO o.s.b.d.a.LocalDevToolsAutoConfiguration$RestartingClassPathChangeChangedEventListener - Restarting due to 1 class path change (1 addition, 0 deletions, 0 modifications) 
2024-09-13T10:07:40.024 [Thread-5] INFO o.a.c.h.Http11NioProtocol - Stopping ProtocolHandler ["http-nio-8080"] 
2024-09-13T10:07:40.074 [restartedMain] INFO c.s.ShinchanApplication - Starting ShinchanApplication using Java 17.0.11 with PID 10151 (/Users/shinnosuke/Desktop/shinnosuke/factory/workspace/ws_sts4_4240/repo_shinchan/shinchan/bin/main started by shinnosuke in /Users/shinnosuke/Desktop/shinnosuke/factory/workspace/ws_sts4_4240/repo_shinchan/shinchan) 
2024-09-13T10:07:40.074 [restartedMain] INFO c.s.ShinchanApplication - No active profile set, falling back to 1 default profile: "default" 
2024-09-13T10:07:40.190 [restartedMain] INFO o.s.b.w.e.t.TomcatWebServer - Tomcat initialized with port 8080 (http) 
2024-09-13T10:07:40.191 [restartedMain] INFO o.a.c.h.Http11NioProtocol - Initializing ProtocolHandler ["http-nio-8080"] 
2024-09-13T10:07:40.191 [restartedMain] INFO o.a.c.c.StandardService - Starting service [Tomcat] 
2024-09-13T10:07:40.191 [restartedMain] INFO o.a.c.c.StandardEngine - Starting Servlet engine: [Apache Tomcat/10.1.28] 
2024-09-13T10:07:40.196 [restartedMain] INFO o.a.c.c.C.[.[.[/] - Initializing Spring embedded WebApplicationContext 
2024-09-13T10:07:40.196 [restartedMain] INFO o.s.b.w.s.c.ServletWebServerApplicationContext - Root WebApplicationContext: initialization completed in 121 ms 
2024-09-13T10:07:40.313 [restartedMain] INFO o.s.b.d.a.OptionalLiveReloadServer - LiveReload server is running on port 35729 
2024-09-13T10:07:40.320 [restartedMain] INFO o.a.c.h.Http11NioProtocol - Starting ProtocolHandler ["http-nio-8080"] 
2024-09-13T10:07:40.321 [restartedMain] INFO o.s.b.w.e.t.TomcatWebServer - Tomcat started on port 8080 (http) with context path '/' 
2024-09-13T10:07:40.324 [restartedMain] INFO c.s.ShinchanApplication - Started ShinchanApplication in 0.266 seconds (process running for 3216.465) 
2024-09-13T10:07:40.326 [restartedMain] INFO o.s.b.d.a.ConditionEvaluationDeltaLoggingListener - Condition evaluation unchanged 
2024-09-13T10:12:51.039 [File Watcher] INFO o.s.b.d.a.LocalDevToolsAutoConfiguration$RestartingClassPathChangeChangedEventListener - Restarting due to 1 class path change (1 addition, 0 deletions, 0 modifications) 
2024-09-13T10:12:51.043 [Thread-7] INFO o.a.c.h.Http11NioProtocol - Stopping ProtocolHandler ["http-nio-8080"] 
2024-09-13T10:12:51.096 [restartedMain] INFO c.s.ShinchanApplication - Starting ShinchanApplication using Java 17.0.11 with PID 10151 (/Users/shinnosuke/Desktop/shinnosuke/factory/workspace/ws_sts4_4240/repo_shinchan/shinchan/bin/main started by shinnosuke in /Users/shinnosuke/Desktop/shinnosuke/factory/workspace/ws_sts4_4240/repo_shinchan/shinchan) 
2024-09-13T10:12:51.097 [restartedMain] INFO c.s.ShinchanApplication - No active profile set, falling back to 1 default profile: "default" 
2024-09-13T10:12:51.205 [restartedMain] INFO o.s.b.w.e.t.TomcatWebServer - Tomcat initialized with port 8080 (http) 
2024-09-13T10:12:51.206 [restartedMain] INFO o.a.c.h.Http11NioProtocol - Initializing ProtocolHandler ["http-nio-8080"] 
2024-09-13T10:12:51.206 [restartedMain] INFO o.a.c.c.StandardService - Starting service [Tomcat] 
2024-09-13T10:12:51.206 [restartedMain] INFO o.a.c.c.StandardEngine - Starting Servlet engine: [Apache Tomcat/10.1.28] 
2024-09-13T10:12:51.210 [restartedMain] INFO o.a.c.c.C.[.[.[/] - Initializing Spring embedded WebApplicationContext 
2024-09-13T10:12:51.210 [restartedMain] INFO o.s.b.w.s.c.ServletWebServerApplicationContext - Root WebApplicationContext: initialization completed in 112 ms 
2024-09-13T10:12:51.317 [restartedMain] INFO o.s.b.d.a.OptionalLiveReloadServer - LiveReload server is running on port 35729 
2024-09-13T10:12:51.323 [restartedMain] INFO o.a.c.h.Http11NioProtocol - Starting ProtocolHandler ["http-nio-8080"] 
2024-09-13T10:12:51.324 [restartedMain] INFO o.s.b.w.e.t.TomcatWebServer - Tomcat started on port 8080 (http) with context path '/' 
2024-09-13T10:12:51.328 [restartedMain] INFO c.s.ShinchanApplication - Started ShinchanApplication in 0.247 seconds (process running for 3527.466) 
2024-09-13T10:12:51.329 [restartedMain] INFO o.s.b.d.a.ConditionEvaluationDeltaLoggingListener - Condition evaluation unchanged 
2024-09-13T10:13:08.340 [File Watcher] INFO o.s.b.d.a.LocalDevToolsAutoConfiguration$RestartingClassPathChangeChangedEventListener - Restarting due to 1 class path change (1 addition, 0 deletions, 0 modifications) 
2024-09-13T10:13:08.342 [Thread-11] INFO o.a.c.h.Http11NioProtocol - Stopping ProtocolHandler ["http-nio-8080"] 
2024-09-13T10:13:08.386 [restartedMain] INFO c.s.ShinchanApplication - Starting ShinchanApplication using Java 17.0.11 with PID 10151 (/Users/shinnosuke/Desktop/shinnosuke/factory/workspace/ws_sts4_4240/repo_shinchan/shinchan/bin/main started by shinnosuke in /Users/shinnosuke/Desktop/shinnosuke/factory/workspace/ws_sts4_4240/repo_shinchan/shinchan) 
2024-09-13T10:13:08.386 [restartedMain] INFO c.s.ShinchanApplication - No active profile set, falling back to 1 default profile: "default" 
2024-09-13T10:13:08.477 [restartedMain] INFO o.s.b.w.e.t.TomcatWebServer - Tomcat initialized with port 8080 (http) 
2024-09-13T10:13:08.478 [restartedMain] INFO o.a.c.h.Http11NioProtocol - Initializing ProtocolHandler ["http-nio-8080"] 
2024-09-13T10:13:08.478 [restartedMain] INFO o.a.c.c.StandardService - Starting service [Tomcat] 
2024-09-13T10:13:08.478 [restartedMain] INFO o.a.c.c.StandardEngine - Starting Servlet engine: [Apache Tomcat/10.1.28] 
2024-09-13T10:13:08.482 [restartedMain] INFO o.a.c.c.C.[.[.[/] - Initializing Spring embedded WebApplicationContext 
2024-09-13T10:13:08.483 [restartedMain] INFO o.s.b.w.s.c.ServletWebServerApplicationContext - Root WebApplicationContext: initialization completed in 96 ms 
2024-09-13T10:13:08.577 [restartedMain] INFO o.s.b.d.a.OptionalLiveReloadServer - LiveReload server is running on port 35729 
2024-09-13T10:13:08.583 [restartedMain] INFO o.a.c.h.Http11NioProtocol - Starting ProtocolHandler ["http-nio-8080"] 
2024-09-13T10:13:08.584 [restartedMain] INFO o.s.b.w.e.t.TomcatWebServer - Tomcat started on port 8080 (http) with context path '/' 
2024-09-13T10:13:08.587 [restartedMain] INFO c.s.ShinchanApplication - Started ShinchanApplication in 0.213 seconds (process running for 3544.725) 
2024-09-13T10:13:08.588 [restartedMain] INFO o.s.b.d.a.ConditionEvaluationDeltaLoggingListener - Condition evaluation unchanged 
2024-09-13T10:13:23.493 [File Watcher] INFO o.s.b.d.a.LocalDevToolsAutoConfiguration$RestartingClassPathChangeChangedEventListener - Restarting due to 1 class path change (0 additions, 0 deletions, 1 modification) 
2024-09-13T10:13:23.495 [Thread-15] INFO o.a.c.h.Http11NioProtocol - Stopping ProtocolHandler ["http-nio-8080"] 
2024-09-13T10:13:23.546 [restartedMain] INFO c.s.ShinchanApplication - Starting ShinchanApplication using Java 17.0.11 with PID 10151 (/Users/shinnosuke/Desktop/shinnosuke/factory/workspace/ws_sts4_4240/repo_shinchan/shinchan/bin/main started by shinnosuke in /Users/shinnosuke/Desktop/shinnosuke/factory/workspace/ws_sts4_4240/repo_shinchan/shinchan) 
2024-09-13T10:13:23.546 [restartedMain] INFO c.s.ShinchanApplication - No active profile set, falling back to 1 default profile: "default" 
2024-09-13T10:13:23.634 [restartedMain] INFO o.s.b.w.e.t.TomcatWebServer - Tomcat initialized with port 8080 (http) 
2024-09-13T10:13:23.635 [restartedMain] INFO o.a.c.h.Http11NioProtocol - Initializing ProtocolHandler ["http-nio-8080"] 
2024-09-13T10:13:23.635 [restartedMain] INFO o.a.c.c.StandardService - Starting service [Tomcat] 
2024-09-13T10:13:23.635 [restartedMain] INFO o.a.c.c.StandardEngine - Starting Servlet engine: [Apache Tomcat/10.1.28] 
2024-09-13T10:13:23.639 [restartedMain] INFO o.a.c.c.C.[.[.[/] - Initializing Spring embedded WebApplicationContext 
2024-09-13T10:13:23.639 [restartedMain] INFO o.s.b.w.s.c.ServletWebServerApplicationContext - Root WebApplicationContext: initialization completed in 92 ms 
2024-09-13T10:13:23.734 [restartedMain] INFO o.s.b.d.a.OptionalLiveReloadServer - LiveReload server is running on port 35729 
2024-09-13T10:13:23.740 [restartedMain] INFO o.a.c.h.Http11NioProtocol - Starting ProtocolHandler ["http-nio-8080"] 
2024-09-13T10:13:23.741 [restartedMain] INFO o.s.b.w.e.t.TomcatWebServer - Tomcat started on port 8080 (http) with context path '/' 
2024-09-13T10:13:23.744 [restartedMain] INFO c.s.ShinchanApplication - Started ShinchanApplication in 0.211 seconds (process running for 3559.882) 
2024-09-13T10:13:23.745 [restartedMain] INFO o.s.b.d.a.ConditionEvaluationDeltaLoggingListener - Condition evaluation unchanged 
2024-09-13T10:13:42.869 [File Watcher] INFO o.s.b.d.a.LocalDevToolsAutoConfiguration$RestartingClassPathChangeChangedEventListener - Restarting due to 1 class path change (1 addition, 0 deletions, 0 modifications) 
2024-09-13T10:13:42.871 [Thread-19] INFO o.a.c.h.Http11NioProtocol - Stopping ProtocolHandler ["http-nio-8080"] 
2024-09-13T10:13:42.912 [restartedMain] INFO c.s.ShinchanApplication - Starting ShinchanApplication using Java 17.0.11 with PID 10151 (/Users/shinnosuke/Desktop/shinnosuke/factory/workspace/ws_sts4_4240/repo_shinchan/shinchan/bin/main started by shinnosuke in /Users/shinnosuke/Desktop/shinnosuke/factory/workspace/ws_sts4_4240/repo_shinchan/shinchan) 
2024-09-13T10:13:42.912 [restartedMain] INFO c.s.ShinchanApplication - No active profile set, falling back to 1 default profile: "default" 
2024-09-13T10:13:42.999 [restartedMain] INFO o.s.b.w.e.t.TomcatWebServer - Tomcat initialized with port 8080 (http) 
2024-09-13T10:13:43.000 [restartedMain] INFO o.a.c.h.Http11NioProtocol - Initializing ProtocolHandler ["http-nio-8080"] 
2024-09-13T10:13:43.000 [restartedMain] INFO o.a.c.c.StandardService - Starting service [Tomcat] 
2024-09-13T10:13:43.000 [restartedMain] INFO o.a.c.c.StandardEngine - Starting Servlet engine: [Apache Tomcat/10.1.28] 
2024-09-13T10:13:43.004 [restartedMain] INFO o.a.c.c.C.[.[.[/] - Initializing Spring embedded WebApplicationContext 
2024-09-13T10:13:43.004 [restartedMain] INFO o.s.b.w.s.c.ServletWebServerApplicationContext - Root WebApplicationContext: initialization completed in 92 ms 
2024-09-13T10:13:43.092 [restartedMain] INFO o.s.b.d.a.OptionalLiveReloadServer - LiveReload server is running on port 35729 
2024-09-13T10:13:43.098 [restartedMain] INFO o.a.c.h.Http11NioProtocol - Starting ProtocolHandler ["http-nio-8080"] 
2024-09-13T10:13:43.100 [restartedMain] INFO o.s.b.w.e.t.TomcatWebServer - Tomcat started on port 8080 (http) with context path '/' 
2024-09-13T10:13:43.104 [restartedMain] INFO c.s.ShinchanApplication - Started ShinchanApplication in 0.204 seconds (process running for 3579.242) 
2024-09-13T10:13:43.104 [restartedMain] INFO o.s.b.d.a.ConditionEvaluationDeltaLoggingListener - Condition evaluation unchanged 
2024-09-13T10:13:49.716 [File Watcher] INFO o.s.b.d.a.LocalDevToolsAutoConfiguration$RestartingClassPathChangeChangedEventListener - Restarting due to 1 class path change (0 additions, 1 deletion, 0 modifications) 
2024-09-13T10:13:49.719 [Thread-23] INFO o.a.c.h.Http11NioProtocol - Stopping ProtocolHandler ["http-nio-8080"] 
2024-09-13T10:13:49.767 [restartedMain] INFO c.s.ShinchanApplication - Starting ShinchanApplication using Java 17.0.11 with PID 10151 (/Users/shinnosuke/Desktop/shinnosuke/factory/workspace/ws_sts4_4240/repo_shinchan/shinchan/bin/main started by shinnosuke in /Users/shinnosuke/Desktop/shinnosuke/factory/workspace/ws_sts4_4240/repo_shinchan/shinchan) 
2024-09-13T10:13:49.768 [restartedMain] INFO c.s.ShinchanApplication - No active profile set, falling back to 1 default profile: "default" 
2024-09-13T10:13:49.853 [restartedMain] INFO o.s.b.w.e.t.TomcatWebServer - Tomcat initialized with port 8080 (http) 
2024-09-13T10:13:49.854 [restartedMain] INFO o.a.c.h.Http11NioProtocol - Initializing ProtocolHandler ["http-nio-8080"] 
2024-09-13T10:13:49.854 [restartedMain] INFO o.a.c.c.StandardService - Starting service [Tomcat] 
2024-09-13T10:13:49.854 [restartedMain] INFO o.a.c.c.StandardEngine - Starting Servlet engine: [Apache Tomcat/10.1.28] 
2024-09-13T10:13:49.858 [restartedMain] INFO o.a.c.c.C.[.[.[/] - Initializing Spring embedded WebApplicationContext 
2024-09-13T10:13:49.858 [restartedMain] INFO o.s.b.w.s.c.ServletWebServerApplicationContext - Root WebApplicationContext: initialization completed in 90 ms 
2024-09-13T10:13:49.948 [restartedMain] INFO o.s.b.d.a.OptionalLiveReloadServer - LiveReload server is running on port 35729 
2024-09-13T10:13:49.954 [restartedMain] INFO o.a.c.h.Http11NioProtocol - Starting ProtocolHandler ["http-nio-8080"] 
2024-09-13T10:13:49.955 [restartedMain] INFO o.s.b.w.e.t.TomcatWebServer - Tomcat started on port 8080 (http) with context path '/' 
2024-09-13T10:13:49.958 [restartedMain] INFO c.s.ShinchanApplication - Started ShinchanApplication in 0.202 seconds (process running for 3586.096) 
2024-09-13T10:13:49.959 [restartedMain] INFO o.s.b.d.a.ConditionEvaluationDeltaLoggingListener - Condition evaluation unchanged 
2024-09-13T10:14:01.818 [File Watcher] INFO o.s.b.d.a.LocalDevToolsAutoConfiguration$RestartingClassPathChangeChangedEventListener - Restarting due to 1 class path change (1 addition, 0 deletions, 0 modifications) 
2024-09-13T10:14:01.821 [Thread-27] INFO o.a.c.h.Http11NioProtocol - Stopping ProtocolHandler ["http-nio-8080"] 
2024-09-13T10:14:01.864 [restartedMain] INFO c.s.ShinchanApplication - Starting ShinchanApplication using Java 17.0.11 with PID 10151 (/Users/shinnosuke/Desktop/shinnosuke/factory/workspace/ws_sts4_4240/repo_shinchan/shinchan/bin/main started by shinnosuke in /Users/shinnosuke/Desktop/shinnosuke/factory/workspace/ws_sts4_4240/repo_shinchan/shinchan) 
2024-09-13T10:14:01.864 [restartedMain] INFO c.s.ShinchanApplication - No active profile set, falling back to 1 default profile: "default" 
2024-09-13T10:14:01.949 [restartedMain] INFO o.s.b.w.e.t.TomcatWebServer - Tomcat initialized with port 8080 (http) 
2024-09-13T10:14:01.950 [restartedMain] INFO o.a.c.h.Http11NioProtocol - Initializing ProtocolHandler ["http-nio-8080"] 
2024-09-13T10:14:01.950 [restartedMain] INFO o.a.c.c.StandardService - Starting service [Tomcat] 
2024-09-13T10:14:01.950 [restartedMain] INFO o.a.c.c.StandardEngine - Starting Servlet engine: [Apache Tomcat/10.1.28] 
2024-09-13T10:14:01.953 [restartedMain] INFO o.a.c.c.C.[.[.[/] - Initializing Spring embedded WebApplicationContext 
2024-09-13T10:14:01.954 [restartedMain] INFO o.s.b.w.s.c.ServletWebServerApplicationContext - Root WebApplicationContext: initialization completed in 89 ms 
2024-09-13T10:14:02.039 [restartedMain] INFO o.s.b.d.a.OptionalLiveReloadServer - LiveReload server is running on port 35729 
2024-09-13T10:14:02.044 [restartedMain] INFO o.a.c.h.Http11NioProtocol - Starting ProtocolHandler ["http-nio-8080"] 
2024-09-13T10:14:02.045 [restartedMain] INFO o.s.b.w.e.t.TomcatWebServer - Tomcat started on port 8080 (http) with context path '/' 
2024-09-13T10:14:02.049 [restartedMain] INFO c.s.ShinchanApplication - Started ShinchanApplication in 0.196 seconds (process running for 3598.187) 
2024-09-13T10:14:02.050 [restartedMain] INFO o.s.b.d.a.ConditionEvaluationDeltaLoggingListener - Condition evaluation unchanged 
2024-09-13T10:14:10.774 [File Watcher] INFO o.s.b.d.a.LocalDevToolsAutoConfiguration$RestartingClassPathChangeChangedEventListener - Restarting due to 1 class path change (0 additions, 0 deletions, 1 modification) 
2024-09-13T10:14:10.776 [Thread-31] INFO o.a.c.h.Http11NioProtocol - Stopping ProtocolHandler ["http-nio-8080"] 
2024-09-13T10:14:10.815 [restartedMain] INFO c.s.ShinchanApplication - Starting ShinchanApplication using Java 17.0.11 with PID 10151 (/Users/shinnosuke/Desktop/shinnosuke/factory/workspace/ws_sts4_4240/repo_shinchan/shinchan/bin/main started by shinnosuke in /Users/shinnosuke/Desktop/shinnosuke/factory/workspace/ws_sts4_4240/repo_shinchan/shinchan) 
2024-09-13T10:14:10.815 [restartedMain] INFO c.s.ShinchanApplication - No active profile set, falling back to 1 default profile: "default" 
2024-09-13T10:14:10.906 [restartedMain] INFO o.s.b.w.e.t.TomcatWebServer - Tomcat initialized with port 8080 (http) 
2024-09-13T10:14:10.906 [restartedMain] INFO o.a.c.h.Http11NioProtocol - Initializing ProtocolHandler ["http-nio-8080"] 
2024-09-13T10:14:10.906 [restartedMain] INFO o.a.c.c.StandardService - Starting service [Tomcat] 
2024-09-13T10:14:10.906 [restartedMain] INFO o.a.c.c.StandardEngine - Starting Servlet engine: [Apache Tomcat/10.1.28] 
2024-09-13T10:14:10.910 [restartedMain] INFO o.a.c.c.C.[.[.[/] - Initializing Spring embedded WebApplicationContext 
2024-09-13T10:14:10.910 [restartedMain] INFO o.s.b.w.s.c.ServletWebServerApplicationContext - Root WebApplicationContext: initialization completed in 94 ms 
2024-09-13T10:14:11.001 [restartedMain] INFO o.s.b.d.a.OptionalLiveReloadServer - LiveReload server is running on port 35729 
2024-09-13T10:14:11.007 [restartedMain] INFO o.a.c.h.Http11NioProtocol - Starting ProtocolHandler ["http-nio-8080"] 
2024-09-13T10:14:11.007 [restartedMain] INFO o.s.b.w.e.t.TomcatWebServer - Tomcat started on port 8080 (http) with context path '/' 
2024-09-13T10:14:11.011 [restartedMain] INFO c.s.ShinchanApplication - Started ShinchanApplication in 0.206 seconds (process running for 3607.149) 
2024-09-13T10:14:11.012 [restartedMain] INFO o.s.b.d.a.ConditionEvaluationDeltaLoggingListener - Condition evaluation unchanged 
2024-09-13T10:14:12.455 [File Watcher] INFO o.s.b.d.a.LocalDevToolsAutoConfiguration$RestartingClassPathChangeChangedEventListener - Restarting due to 1 class path change (0 additions, 0 deletions, 1 modification) 
2024-09-13T10:14:12.456 [Thread-35] INFO o.a.c.h.Http11NioProtocol - Stopping ProtocolHandler ["http-nio-8080"] 
2024-09-13T10:14:12.492 [restartedMain] INFO c.s.ShinchanApplication - Starting ShinchanApplication using Java 17.0.11 with PID 10151 (/Users/shinnosuke/Desktop/shinnosuke/factory/workspace/ws_sts4_4240/repo_shinchan/shinchan/bin/main started by shinnosuke in /Users/shinnosuke/Desktop/shinnosuke/factory/workspace/ws_sts4_4240/repo_shinchan/shinchan) 
2024-09-13T10:14:12.492 [restartedMain] INFO c.s.ShinchanApplication - No active profile set, falling back to 1 default profile: "default" 
2024-09-13T10:14:12.576 [restartedMain] INFO o.s.b.w.e.t.TomcatWebServer - Tomcat initialized with port 8080 (http) 
2024-09-13T10:14:12.577 [restartedMain] INFO o.a.c.h.Http11NioProtocol - Initializing ProtocolHandler ["http-nio-8080"] 
2024-09-13T10:14:12.577 [restartedMain] INFO o.a.c.c.StandardService - Starting service [Tomcat] 
2024-09-13T10:14:12.577 [restartedMain] INFO o.a.c.c.StandardEngine - Starting Servlet engine: [Apache Tomcat/10.1.28] 
2024-09-13T10:14:12.581 [restartedMain] INFO o.a.c.c.C.[.[.[/] - Initializing Spring embedded WebApplicationContext 
2024-09-13T10:14:12.581 [restartedMain] INFO o.s.b.w.s.c.ServletWebServerApplicationContext - Root WebApplicationContext: initialization completed in 88 ms 
2024-09-13T10:14:12.665 [restartedMain] INFO o.s.b.d.a.OptionalLiveReloadServer - LiveReload server is running on port 35729 
2024-09-13T10:14:12.671 [restartedMain] INFO o.a.c.h.Http11NioProtocol - Starting ProtocolHandler ["http-nio-8080"] 
2024-09-13T10:14:12.672 [restartedMain] INFO o.s.b.w.e.t.TomcatWebServer - Tomcat started on port 8080 (http) with context path '/' 
2024-09-13T10:14:12.675 [restartedMain] INFO c.s.ShinchanApplication - Started ShinchanApplication in 0.194 seconds (process running for 3608.813) 
2024-09-13T10:14:12.676 [restartedMain] INFO o.s.b.d.a.ConditionEvaluationDeltaLoggingListener - Condition evaluation unchanged 
2024-09-13T10:14:14.115 [File Watcher] INFO o.s.b.d.a.LocalDevToolsAutoConfiguration$RestartingClassPathChangeChangedEventListener - Restarting due to 1 class path change (0 additions, 0 deletions, 1 modification) 
2024-09-13T10:14:14.116 [Thread-39] INFO o.a.c.h.Http11NioProtocol - Stopping ProtocolHandler ["http-nio-8080"] 
2024-09-13T10:14:14.156 [restartedMain] INFO c.s.ShinchanApplication - Starting ShinchanApplication using Java 17.0.11 with PID 10151 (/Users/shinnosuke/Desktop/shinnosuke/factory/workspace/ws_sts4_4240/repo_shinchan/shinchan/bin/main started by shinnosuke in /Users/shinnosuke/Desktop/shinnosuke/factory/workspace/ws_sts4_4240/repo_shinchan/shinchan) 
2024-09-13T10:14:14.156 [restartedMain] INFO c.s.ShinchanApplication - No active profile set, falling back to 1 default profile: "default" 
2024-09-13T10:14:14.263 [restartedMain] INFO o.s.b.w.e.t.TomcatWebServer - Tomcat initialized with port 8080 (http) 
2024-09-13T10:14:14.264 [restartedMain] INFO o.a.c.h.Http11NioProtocol - Initializing ProtocolHandler ["http-nio-8080"] 
2024-09-13T10:14:14.264 [restartedMain] INFO o.a.c.c.StandardService - Starting service [Tomcat] 
2024-09-13T10:14:14.264 [restartedMain] INFO o.a.c.c.StandardEngine - Starting Servlet engine: [Apache Tomcat/10.1.28] 
2024-09-13T10:14:14.268 [restartedMain] INFO o.a.c.c.C.[.[.[/] - Initializing Spring embedded WebApplicationContext 
2024-09-13T10:14:14.268 [restartedMain] INFO o.s.b.w.s.c.ServletWebServerApplicationContext - Root WebApplicationContext: initialization completed in 111 ms 
2024-09-13T10:14:14.353 [restartedMain] INFO o.s.b.d.a.OptionalLiveReloadServer - LiveReload server is running on port 35729 
2024-09-13T10:14:14.359 [restartedMain] INFO o.a.c.h.Http11NioProtocol - Starting ProtocolHandler ["http-nio-8080"] 
2024-09-13T10:14:14.360 [restartedMain] INFO o.s.b.w.e.t.TomcatWebServer - Tomcat started on port 8080 (http) with context path '/' 
2024-09-13T10:14:14.363 [restartedMain] INFO c.s.ShinchanApplication - Started ShinchanApplication in 0.219 seconds (process running for 3610.5) 
2024-09-13T10:14:14.363 [restartedMain] INFO o.s.b.d.a.ConditionEvaluationDeltaLoggingListener - Condition evaluation unchanged 
2024-09-13T10:14:15.828 [File Watcher] INFO o.s.b.d.a.LocalDevToolsAutoConfiguration$RestartingClassPathChangeChangedEventListener - Restarting due to 1 class path change (0 additions, 0 deletions, 1 modification) 
2024-09-13T10:14:15.830 [Thread-43] INFO o.a.c.h.Http11NioProtocol - Stopping ProtocolHandler ["http-nio-8080"] 
2024-09-13T10:14:15.881 [restartedMain] INFO c.s.ShinchanApplication - Starting ShinchanApplication using Java 17.0.11 with PID 10151 (/Users/shinnosuke/Desktop/shinnosuke/factory/workspace/ws_sts4_4240/repo_shinchan/shinchan/bin/main started by shinnosuke in /Users/shinnosuke/Desktop/shinnosuke/factory/workspace/ws_sts4_4240/repo_shinchan/shinchan) 
2024-09-13T10:14:15.881 [restartedMain] INFO c.s.ShinchanApplication - No active profile set, falling back to 1 default profile: "default" 
2024-09-13T10:14:15.965 [restartedMain] INFO o.s.b.w.e.t.TomcatWebServer - Tomcat initialized with port 8080 (http) 
2024-09-13T10:14:15.965 [restartedMain] INFO o.a.c.h.Http11NioProtocol - Initializing ProtocolHandler ["http-nio-8080"] 
2024-09-13T10:14:15.965 [restartedMain] INFO o.a.c.c.StandardService - Starting service [Tomcat] 
2024-09-13T10:14:15.965 [restartedMain] INFO o.a.c.c.StandardEngine - Starting Servlet engine: [Apache Tomcat/10.1.28] 
2024-09-13T10:14:15.969 [restartedMain] INFO o.a.c.c.C.[.[.[/] - Initializing Spring embedded WebApplicationContext 
2024-09-13T10:14:15.969 [restartedMain] INFO o.s.b.w.s.c.ServletWebServerApplicationContext - Root WebApplicationContext: initialization completed in 87 ms 
2024-09-13T10:14:16.051 [restartedMain] INFO o.s.b.d.a.OptionalLiveReloadServer - LiveReload server is running on port 35729 
2024-09-13T10:14:16.056 [restartedMain] INFO o.a.c.h.Http11NioProtocol - Starting ProtocolHandler ["http-nio-8080"] 
2024-09-13T10:14:16.057 [restartedMain] INFO o.s.b.w.e.t.TomcatWebServer - Tomcat started on port 8080 (http) with context path '/' 
2024-09-13T10:14:16.060 [restartedMain] INFO c.s.ShinchanApplication - Started ShinchanApplication in 0.189 seconds (process running for 3612.198) 
2024-09-13T10:14:16.061 [restartedMain] INFO o.s.b.d.a.ConditionEvaluationDeltaLoggingListener - Condition evaluation unchanged 
2024-09-13T10:22:33.383 [File Watcher] INFO o.s.b.d.a.LocalDevToolsAutoConfiguration$RestartingClassPathChangeChangedEventListener - Restarting due to 1 class path change (0 additions, 0 deletions, 1 modification) 
2024-09-13T10:22:33.384 [Thread-47] INFO o.a.c.h.Http11NioProtocol - Stopping ProtocolHandler ["http-nio-8080"] 
2024-09-13T10:22:33.419 [restartedMain] INFO c.s.ShinchanApplication - Starting ShinchanApplication using Java 17.0.11 with PID 10151 (/Users/shinnosuke/Desktop/shinnosuke/factory/workspace/ws_sts4_4240/repo_shinchan/shinchan/bin/main started by shinnosuke in /Users/shinnosuke/Desktop/shinnosuke/factory/workspace/ws_sts4_4240/repo_shinchan/shinchan) 
2024-09-13T10:22:33.419 [restartedMain] INFO c.s.ShinchanApplication - No active profile set, falling back to 1 default profile: "default" 
2024-09-13T10:22:33.514 [restartedMain] INFO o.s.b.w.e.t.TomcatWebServer - Tomcat initialized with port 8080 (http) 
2024-09-13T10:22:33.515 [restartedMain] INFO o.a.c.h.Http11NioProtocol - Initializing ProtocolHandler ["http-nio-8080"] 
2024-09-13T10:22:33.515 [restartedMain] INFO o.a.c.c.StandardService - Starting service [Tomcat] 
2024-09-13T10:22:33.515 [restartedMain] INFO o.a.c.c.StandardEngine - Starting Servlet engine: [Apache Tomcat/10.1.28] 
2024-09-13T10:22:33.519 [restartedMain] INFO o.a.c.c.C.[.[.[/] - Initializing Spring embedded WebApplicationContext 
2024-09-13T10:22:33.519 [restartedMain] INFO o.s.b.w.s.c.ServletWebServerApplicationContext - Root WebApplicationContext: initialization completed in 99 ms 
2024-09-13T10:22:33.615 [restartedMain] INFO o.s.b.d.a.OptionalLiveReloadServer - LiveReload server is running on port 35729 
2024-09-13T10:22:33.621 [restartedMain] INFO o.a.c.h.Http11NioProtocol - Starting ProtocolHandler ["http-nio-8080"] 
2024-09-13T10:22:33.621 [restartedMain] INFO o.s.b.w.e.t.TomcatWebServer - Tomcat started on port 8080 (http) with context path '/' 
2024-09-13T10:22:33.625 [restartedMain] INFO c.s.ShinchanApplication - Started ShinchanApplication in 0.217 seconds (process running for 4109.758) 
2024-09-13T10:22:33.625 [restartedMain] INFO o.s.b.d.a.ConditionEvaluationDeltaLoggingListener - Condition evaluation unchanged 
2024-09-13T10:28:34.888 [File Watcher] INFO o.s.b.d.a.LocalDevToolsAutoConfiguration$RestartingClassPathChangeChangedEventListener - Restarting due to 1 class path change (0 additions, 0 deletions, 1 modification) 
2024-09-13T10:28:34.891 [Thread-51] INFO o.a.c.h.Http11NioProtocol - Stopping ProtocolHandler ["http-nio-8080"] 
2024-09-13T10:28:34.941 [restartedMain] INFO c.s.ShinchanApplication - Starting ShinchanApplication using Java 17.0.11 with PID 10151 (/Users/shinnosuke/Desktop/shinnosuke/factory/workspace/ws_sts4_4240/repo_shinchan/shinchan/bin/main started by shinnosuke in /Users/shinnosuke/Desktop/shinnosuke/factory/workspace/ws_sts4_4240/repo_shinchan/shinchan) 
2024-09-13T10:28:34.941 [restartedMain] INFO c.s.ShinchanApplication - No active profile set, falling back to 1 default profile: "default" 
2024-09-13T10:28:35.033 [restartedMain] INFO o.s.b.w.e.t.TomcatWebServer - Tomcat initialized with port 8080 (http) 
2024-09-13T10:28:35.033 [restartedMain] INFO o.a.c.h.Http11NioProtocol - Initializing ProtocolHandler ["http-nio-8080"] 
2024-09-13T10:28:35.033 [restartedMain] INFO o.a.c.c.StandardService - Starting service [Tomcat] 
2024-09-13T10:28:35.033 [restartedMain] INFO o.a.c.c.StandardEngine - Starting Servlet engine: [Apache Tomcat/10.1.28] 
2024-09-13T10:28:35.037 [restartedMain] INFO o.a.c.c.C.[.[.[/] - Initializing Spring embedded WebApplicationContext 
2024-09-13T10:28:35.037 [restartedMain] INFO o.s.b.w.s.c.ServletWebServerApplicationContext - Root WebApplicationContext: initialization completed in 95 ms 
2024-09-13T10:28:35.129 [restartedMain] INFO o.s.b.d.a.OptionalLiveReloadServer - LiveReload server is running on port 35729 
2024-09-13T10:28:35.135 [restartedMain] INFO o.a.c.h.Http11NioProtocol - Starting ProtocolHandler ["http-nio-8080"] 
2024-09-13T10:28:35.136 [restartedMain] INFO o.s.b.w.e.t.TomcatWebServer - Tomcat started on port 8080 (http) with context path '/' 
2024-09-13T10:28:35.139 [restartedMain] INFO c.s.ShinchanApplication - Started ShinchanApplication in 0.209 seconds (process running for 4471.269) 
2024-09-13T10:28:35.140 [restartedMain] INFO o.s.b.d.a.ConditionEvaluationDeltaLoggingListener - Condition evaluation unchanged 
2024-09-13T10:31:26.724 [File Watcher] INFO o.s.b.d.a.LocalDevToolsAutoConfiguration$RestartingClassPathChangeChangedEventListener - Restarting due to 1 class path change (0 additions, 0 deletions, 1 modification) 
2024-09-13T10:31:26.727 [Thread-55] INFO o.a.c.h.Http11NioProtocol - Stopping ProtocolHandler ["http-nio-8080"] 
2024-09-13T10:31:26.770 [restartedMain] INFO c.s.ShinchanApplication - Starting ShinchanApplication using Java 17.0.11 with PID 10151 (/Users/shinnosuke/Desktop/shinnosuke/factory/workspace/ws_sts4_4240/repo_shinchan/shinchan/bin/main started by shinnosuke in /Users/shinnosuke/Desktop/shinnosuke/factory/workspace/ws_sts4_4240/repo_shinchan/shinchan) 
2024-09-13T10:31:26.771 [restartedMain] INFO c.s.ShinchanApplication - No active profile set, falling back to 1 default profile: "default" 
2024-09-13T10:31:26.862 [restartedMain] INFO o.s.b.w.e.t.TomcatWebServer - Tomcat initialized with port 8080 (http) 
2024-09-13T10:31:26.862 [restartedMain] INFO o.a.c.h.Http11NioProtocol - Initializing ProtocolHandler ["http-nio-8080"] 
2024-09-13T10:31:26.863 [restartedMain] INFO o.a.c.c.StandardService - Starting service [Tomcat] 
2024-09-13T10:31:26.863 [restartedMain] INFO o.a.c.c.StandardEngine - Starting Servlet engine: [Apache Tomcat/10.1.28] 
2024-09-13T10:31:26.866 [restartedMain] INFO o.a.c.c.C.[.[.[/] - Initializing Spring embedded WebApplicationContext 
2024-09-13T10:31:26.866 [restartedMain] INFO o.s.b.w.s.c.ServletWebServerApplicationContext - Root WebApplicationContext: initialization completed in 95 ms 
2024-09-13T10:31:26.957 [restartedMain] INFO o.s.b.d.a.OptionalLiveReloadServer - LiveReload server is running on port 35729 
2024-09-13T10:31:26.966 [restartedMain] INFO o.a.c.h.Http11NioProtocol - Starting ProtocolHandler ["http-nio-8080"] 
2024-09-13T10:31:26.967 [restartedMain] INFO o.s.b.w.e.t.TomcatWebServer - Tomcat started on port 8080 (http) with context path '/' 
2024-09-13T10:31:26.970 [restartedMain] INFO c.s.ShinchanApplication - Started ShinchanApplication in 0.211 seconds (process running for 4643.191) 
2024-09-13T10:31:26.971 [restartedMain] INFO o.s.b.d.a.ConditionEvaluationDeltaLoggingListener - Condition evaluation unchanged 
2024-09-13T10:39:07.942 [File Watcher] INFO o.s.b.d.a.LocalDevToolsAutoConfiguration$RestartingClassPathChangeChangedEventListener - Restarting due to 1 class path change (0 additions, 0 deletions, 1 modification) 
2024-09-13T10:39:07.946 [Thread-59] INFO o.a.c.h.Http11NioProtocol - Stopping ProtocolHandler ["http-nio-8080"] 
2024-09-13T10:39:07.987 [restartedMain] INFO c.s.ShinchanApplication - Starting ShinchanApplication using Java 17.0.11 with PID 10151 (/Users/shinnosuke/Desktop/shinnosuke/factory/workspace/ws_sts4_4240/repo_shinchan/shinchan/bin/main started by shinnosuke in /Users/shinnosuke/Desktop/shinnosuke/factory/workspace/ws_sts4_4240/repo_shinchan/shinchan) 
2024-09-13T10:39:07.987 [restartedMain] INFO c.s.ShinchanApplication - No active profile set, falling back to 1 default profile: "default" 
2024-09-13T10:39:08.078 [restartedMain] INFO o.s.b.w.e.t.TomcatWebServer - Tomcat initialized with port 8080 (http) 
2024-09-13T10:39:08.078 [restartedMain] INFO o.a.c.h.Http11NioProtocol - Initializing ProtocolHandler ["http-nio-8080"] 
2024-09-13T10:39:08.078 [restartedMain] INFO o.a.c.c.StandardService - Starting service [Tomcat] 
2024-09-13T10:39:08.078 [restartedMain] INFO o.a.c.c.StandardEngine - Starting Servlet engine: [Apache Tomcat/10.1.28] 
2024-09-13T10:39:08.082 [restartedMain] INFO o.a.c.c.C.[.[.[/] - Initializing Spring embedded WebApplicationContext 
2024-09-13T10:39:08.082 [restartedMain] INFO o.s.b.w.s.c.ServletWebServerApplicationContext - Root WebApplicationContext: initialization completed in 94 ms 
2024-09-13T10:39:08.173 [restartedMain] INFO o.s.b.d.a.OptionalLiveReloadServer - LiveReload server is running on port 35729 
2024-09-13T10:39:08.179 [restartedMain] INFO o.a.c.h.Http11NioProtocol - Starting ProtocolHandler ["http-nio-8080"] 
2024-09-13T10:39:08.180 [restartedMain] INFO o.s.b.w.e.t.TomcatWebServer - Tomcat started on port 8080 (http) with context path '/' 
2024-09-13T10:39:08.184 [restartedMain] INFO c.s.ShinchanApplication - Started ShinchanApplication in 0.207 seconds (process running for 5104.415) 
2024-09-13T10:39:08.184 [restartedMain] INFO o.s.b.d.a.ConditionEvaluationDeltaLoggingListener - Condition evaluation unchanged 
2024-09-13T10:39:24.124 [File Watcher] INFO o.s.b.d.a.LocalDevToolsAutoConfiguration$RestartingClassPathChangeChangedEventListener - Restarting due to 1 class path change (0 additions, 0 deletions, 1 modification) 
2024-09-13T10:39:24.126 [Thread-63] INFO o.a.c.h.Http11NioProtocol - Stopping ProtocolHandler ["http-nio-8080"] 
2024-09-13T10:39:24.173 [restartedMain] INFO c.s.ShinchanApplication - Starting ShinchanApplication using Java 17.0.11 with PID 10151 (/Users/shinnosuke/Desktop/shinnosuke/factory/workspace/ws_sts4_4240/repo_shinchan/shinchan/bin/main started by shinnosuke in /Users/shinnosuke/Desktop/shinnosuke/factory/workspace/ws_sts4_4240/repo_shinchan/shinchan) 
2024-09-13T10:39:24.173 [restartedMain] INFO c.s.ShinchanApplication - No active profile set, falling back to 1 default profile: "default" 
2024-09-13T10:39:24.256 [restartedMain] INFO o.s.b.w.e.t.TomcatWebServer - Tomcat initialized with port 8080 (http) 
2024-09-13T10:39:24.256 [restartedMain] INFO o.a.c.h.Http11NioProtocol - Initializing ProtocolHandler ["http-nio-8080"] 
2024-09-13T10:39:24.256 [restartedMain] INFO o.a.c.c.StandardService - Starting service [Tomcat] 
2024-09-13T10:39:24.256 [restartedMain] INFO o.a.c.c.StandardEngine - Starting Servlet engine: [Apache Tomcat/10.1.28] 
2024-09-13T10:39:24.260 [restartedMain] INFO o.a.c.c.C.[.[.[/] - Initializing Spring embedded WebApplicationContext 
2024-09-13T10:39:24.260 [restartedMain] INFO o.s.b.w.s.c.ServletWebServerApplicationContext - Root WebApplicationContext: initialization completed in 87 ms 
2024-09-13T10:39:24.343 [restartedMain] INFO o.s.b.d.a.OptionalLiveReloadServer - LiveReload server is running on port 35729 
2024-09-13T10:39:24.349 [restartedMain] INFO o.a.c.h.Http11NioProtocol - Starting ProtocolHandler ["http-nio-8080"] 
2024-09-13T10:39:24.349 [restartedMain] INFO o.s.b.w.e.t.TomcatWebServer - Tomcat started on port 8080 (http) with context path '/' 
2024-09-13T10:39:24.353 [restartedMain] INFO c.s.ShinchanApplication - Started ShinchanApplication in 0.19 seconds (process running for 5120.584) 
2024-09-13T10:39:24.354 [restartedMain] INFO o.s.b.d.a.ConditionEvaluationDeltaLoggingListener - Condition evaluation unchanged 
2024-09-13T10:39:57.819 [File Watcher] INFO o.s.b.d.a.LocalDevToolsAutoConfiguration$RestartingClassPathChangeChangedEventListener - Restarting due to 1 class path change (0 additions, 0 deletions, 1 modification) 
2024-09-13T10:39:57.821 [Thread-67] INFO o.a.c.h.Http11NioProtocol - Stopping ProtocolHandler ["http-nio-8080"] 
2024-09-13T10:39:57.869 [restartedMain] INFO c.s.ShinchanApplication - Starting ShinchanApplication using Java 17.0.11 with PID 10151 (/Users/shinnosuke/Desktop/shinnosuke/factory/workspace/ws_sts4_4240/repo_shinchan/shinchan/bin/main started by shinnosuke in /Users/shinnosuke/Desktop/shinnosuke/factory/workspace/ws_sts4_4240/repo_shinchan/shinchan) 
2024-09-13T10:39:57.869 [restartedMain] INFO c.s.ShinchanApplication - No active profile set, falling back to 1 default profile: "default" 
2024-09-13T10:39:57.952 [restartedMain] INFO o.s.b.w.e.t.TomcatWebServer - Tomcat initialized with port 8080 (http) 
2024-09-13T10:39:57.952 [restartedMain] INFO o.a.c.h.Http11NioProtocol - Initializing ProtocolHandler ["http-nio-8080"] 
2024-09-13T10:39:57.952 [restartedMain] INFO o.a.c.c.StandardService - Starting service [Tomcat] 
2024-09-13T10:39:57.952 [restartedMain] INFO o.a.c.c.StandardEngine - Starting Servlet engine: [Apache Tomcat/10.1.28] 
2024-09-13T10:39:57.956 [restartedMain] INFO o.a.c.c.C.[.[.[/] - Initializing Spring embedded WebApplicationContext 
2024-09-13T10:39:57.956 [restartedMain] INFO o.s.b.w.s.c.ServletWebServerApplicationContext - Root WebApplicationContext: initialization completed in 87 ms 
2024-09-13T10:39:58.037 [restartedMain] INFO o.s.b.d.a.OptionalLiveReloadServer - LiveReload server is running on port 35729 
2024-09-13T10:39:58.043 [restartedMain] INFO o.a.c.h.Http11NioProtocol - Starting ProtocolHandler ["http-nio-8080"] 
2024-09-13T10:39:58.043 [restartedMain] INFO o.s.b.w.e.t.TomcatWebServer - Tomcat started on port 8080 (http) with context path '/' 
2024-09-13T10:39:58.048 [restartedMain] INFO c.s.ShinchanApplication - Started ShinchanApplication in 0.189 seconds (process running for 5154.281) 
2024-09-13T10:39:58.049 [restartedMain] INFO o.s.b.d.a.ConditionEvaluationDeltaLoggingListener - Condition evaluation unchanged 
2024-09-13T10:43:27.765 [File Watcher] INFO o.s.b.d.a.LocalDevToolsAutoConfiguration$RestartingClassPathChangeChangedEventListener - Restarting due to 1 class path change (0 additions, 0 deletions, 1 modification) 
2024-09-13T10:43:27.767 [Thread-71] INFO o.a.c.h.Http11NioProtocol - Stopping ProtocolHandler ["http-nio-8080"] 
2024-09-13T10:43:27.802 [restartedMain] INFO c.s.ShinchanApplication - Starting ShinchanApplication using Java 17.0.11 with PID 10151 (/Users/shinnosuke/Desktop/shinnosuke/factory/workspace/ws_sts4_4240/repo_shinchan/shinchan/bin/main started by shinnosuke in /Users/shinnosuke/Desktop/shinnosuke/factory/workspace/ws_sts4_4240/repo_shinchan/shinchan) 
2024-09-13T10:43:27.802 [restartedMain] INFO c.s.ShinchanApplication - No active profile set, falling back to 1 default profile: "default" 
2024-09-13T10:43:27.901 [restartedMain] INFO o.s.b.w.e.t.TomcatWebServer - Tomcat initialized with port 8080 (http) 
2024-09-13T10:43:27.901 [restartedMain] INFO o.a.c.h.Http11NioProtocol - Initializing ProtocolHandler ["http-nio-8080"] 
2024-09-13T10:43:27.902 [restartedMain] INFO o.a.c.c.StandardService - Starting service [Tomcat] 
2024-09-13T10:43:27.902 [restartedMain] INFO o.a.c.c.StandardEngine - Starting Servlet engine: [Apache Tomcat/10.1.28] 
2024-09-13T10:43:27.905 [restartedMain] INFO o.a.c.c.C.[.[.[/] - Initializing Spring embedded WebApplicationContext 
2024-09-13T10:43:27.905 [restartedMain] INFO o.s.b.w.s.c.ServletWebServerApplicationContext - Root WebApplicationContext: initialization completed in 102 ms 
2024-09-13T10:43:27.997 [restartedMain] INFO o.s.b.d.a.OptionalLiveReloadServer - LiveReload server is running on port 35729 
2024-09-13T10:43:28.006 [restartedMain] INFO o.a.c.h.Http11NioProtocol - Starting ProtocolHandler ["http-nio-8080"] 
2024-09-13T10:43:28.007 [restartedMain] INFO o.s.b.w.e.t.TomcatWebServer - Tomcat started on port 8080 (http) with context path '/' 
2024-09-13T10:43:28.010 [restartedMain] INFO c.s.ShinchanApplication - Started ShinchanApplication in 0.218 seconds (process running for 5364.247) 
2024-09-13T10:43:28.011 [restartedMain] INFO o.s.b.d.a.ConditionEvaluationDeltaLoggingListener - Condition evaluation unchanged 
2024-09-13T10:44:41.963 [File Watcher] INFO o.s.b.d.a.LocalDevToolsAutoConfiguration$RestartingClassPathChangeChangedEventListener - Restarting due to 1 class path change (0 additions, 0 deletions, 1 modification) 
2024-09-13T10:44:41.964 [Thread-75] INFO o.a.c.h.Http11NioProtocol - Stopping ProtocolHandler ["http-nio-8080"] 
2024-09-13T10:44:42.003 [restartedMain] INFO c.s.ShinchanApplication - Starting ShinchanApplication using Java 17.0.11 with PID 10151 (/Users/shinnosuke/Desktop/shinnosuke/factory/workspace/ws_sts4_4240/repo_shinchan/shinchan/bin/main started by shinnosuke in /Users/shinnosuke/Desktop/shinnosuke/factory/workspace/ws_sts4_4240/repo_shinchan/shinchan) 
2024-09-13T10:44:42.003 [restartedMain] INFO c.s.ShinchanApplication - No active profile set, falling back to 1 default profile: "default" 
2024-09-13T10:44:42.091 [restartedMain] INFO o.s.b.w.e.t.TomcatWebServer - Tomcat initialized with port 8080 (http) 
2024-09-13T10:44:42.091 [restartedMain] INFO o.a.c.h.Http11NioProtocol - Initializing ProtocolHandler ["http-nio-8080"] 
2024-09-13T10:44:42.091 [restartedMain] INFO o.a.c.c.StandardService - Starting service [Tomcat] 
2024-09-13T10:44:42.091 [restartedMain] INFO o.a.c.c.StandardEngine - Starting Servlet engine: [Apache Tomcat/10.1.28] 
2024-09-13T10:44:42.095 [restartedMain] INFO o.a.c.c.C.[.[.[/] - Initializing Spring embedded WebApplicationContext 
2024-09-13T10:44:42.095 [restartedMain] INFO o.s.b.w.s.c.ServletWebServerApplicationContext - Root WebApplicationContext: initialization completed in 91 ms 
2024-09-13T10:44:42.189 [restartedMain] INFO o.s.b.d.a.OptionalLiveReloadServer - LiveReload server is running on port 35729 
2024-09-13T10:44:42.195 [restartedMain] INFO o.a.c.h.Http11NioProtocol - Starting ProtocolHandler ["http-nio-8080"] 
2024-09-13T10:44:42.196 [restartedMain] INFO o.s.b.w.e.t.TomcatWebServer - Tomcat started on port 8080 (http) with context path '/' 
2024-09-13T10:44:42.199 [restartedMain] INFO c.s.ShinchanApplication - Started ShinchanApplication in 0.206 seconds (process running for 5438.438) 
2024-09-13T10:44:42.200 [restartedMain] INFO o.s.b.d.a.ConditionEvaluationDeltaLoggingListener - Condition evaluation unchanged 
2024-09-13T10:45:13.750 [File Watcher] INFO o.s.b.d.a.LocalDevToolsAutoConfiguration$RestartingClassPathChangeChangedEventListener - Restarting due to 1 class path change (0 additions, 0 deletions, 1 modification) 
2024-09-13T10:45:13.751 [Thread-79] INFO o.a.c.h.Http11NioProtocol - Stopping ProtocolHandler ["http-nio-8080"] 
2024-09-13T10:45:13.791 [restartedMain] INFO c.s.ShinchanApplication - Starting ShinchanApplication using Java 17.0.11 with PID 10151 (/Users/shinnosuke/Desktop/shinnosuke/factory/workspace/ws_sts4_4240/repo_shinchan/shinchan/bin/main started by shinnosuke in /Users/shinnosuke/Desktop/shinnosuke/factory/workspace/ws_sts4_4240/repo_shinchan/shinchan) 
2024-09-13T10:45:13.791 [restartedMain] INFO c.s.ShinchanApplication - No active profile set, falling back to 1 default profile: "default" 
2024-09-13T10:45:13.873 [restartedMain] INFO o.s.b.w.e.t.TomcatWebServer - Tomcat initialized with port 8080 (http) 
2024-09-13T10:45:13.873 [restartedMain] INFO o.a.c.h.Http11NioProtocol - Initializing ProtocolHandler ["http-nio-8080"] 
2024-09-13T10:45:13.874 [restartedMain] INFO o.a.c.c.StandardService - Starting service [Tomcat] 
2024-09-13T10:45:13.874 [restartedMain] INFO o.a.c.c.StandardEngine - Starting Servlet engine: [Apache Tomcat/10.1.28] 
2024-09-13T10:45:13.877 [restartedMain] INFO o.a.c.c.C.[.[.[/] - Initializing Spring embedded WebApplicationContext 
2024-09-13T10:45:13.877 [restartedMain] INFO o.s.b.w.s.c.ServletWebServerApplicationContext - Root WebApplicationContext: initialization completed in 86 ms 
2024-09-13T10:45:13.959 [restartedMain] INFO o.s.b.d.a.OptionalLiveReloadServer - LiveReload server is running on port 35729 
2024-09-13T10:45:13.965 [restartedMain] INFO o.a.c.h.Http11NioProtocol - Starting ProtocolHandler ["http-nio-8080"] 
2024-09-13T10:45:13.966 [restartedMain] INFO o.s.b.w.e.t.TomcatWebServer - Tomcat started on port 8080 (http) with context path '/' 
2024-09-13T10:45:13.969 [restartedMain] INFO c.s.ShinchanApplication - Started ShinchanApplication in 0.188 seconds (process running for 5470.208) 
2024-09-13T10:45:13.969 [restartedMain] INFO o.s.b.d.a.ConditionEvaluationDeltaLoggingListener - Condition evaluation unchanged 
2024-09-13T10:46:31.066 [File Watcher] INFO o.s.b.d.a.LocalDevToolsAutoConfiguration$RestartingClassPathChangeChangedEventListener - Restarting due to 1 class path change (0 additions, 0 deletions, 1 modification) 
2024-09-13T10:46:31.068 [Thread-83] INFO o.a.c.h.Http11NioProtocol - Stopping ProtocolHandler ["http-nio-8080"] 
2024-09-13T10:46:31.120 [restartedMain] INFO c.s.ShinchanApplication - Starting ShinchanApplication using Java 17.0.11 with PID 10151 (/Users/shinnosuke/Desktop/shinnosuke/factory/workspace/ws_sts4_4240/repo_shinchan/shinchan/bin/main started by shinnosuke in /Users/shinnosuke/Desktop/shinnosuke/factory/workspace/ws_sts4_4240/repo_shinchan/shinchan) 
2024-09-13T10:46:31.120 [restartedMain] INFO c.s.ShinchanApplication - No active profile set, falling back to 1 default profile: "default" 
2024-09-13T10:46:31.209 [restartedMain] INFO o.s.b.w.e.t.TomcatWebServer - Tomcat initialized with port 8080 (http) 
2024-09-13T10:46:31.210 [restartedMain] INFO o.a.c.h.Http11NioProtocol - Initializing ProtocolHandler ["http-nio-8080"] 
2024-09-13T10:46:31.210 [restartedMain] INFO o.a.c.c.StandardService - Starting service [Tomcat] 
2024-09-13T10:46:31.210 [restartedMain] INFO o.a.c.c.StandardEngine - Starting Servlet engine: [Apache Tomcat/10.1.28] 
2024-09-13T10:46:31.213 [restartedMain] INFO o.a.c.c.C.[.[.[/] - Initializing Spring embedded WebApplicationContext 
2024-09-13T10:46:31.213 [restartedMain] INFO o.s.b.w.s.c.ServletWebServerApplicationContext - Root WebApplicationContext: initialization completed in 93 ms 
2024-09-13T10:46:31.305 [restartedMain] INFO o.s.b.d.a.OptionalLiveReloadServer - LiveReload server is running on port 35729 
2024-09-13T10:46:31.311 [restartedMain] INFO o.a.c.h.Http11NioProtocol - Starting ProtocolHandler ["http-nio-8080"] 
2024-09-13T10:46:31.312 [restartedMain] INFO o.s.b.w.e.t.TomcatWebServer - Tomcat started on port 8080 (http) with context path '/' 
2024-09-13T10:46:31.315 [restartedMain] INFO c.s.ShinchanApplication - Started ShinchanApplication in 0.206 seconds (process running for 5547.557) 
2024-09-13T10:46:31.316 [restartedMain] INFO o.s.b.d.a.ConditionEvaluationDeltaLoggingListener - Condition evaluation unchanged 
2024-09-13T10:46:37.935 [File Watcher] INFO o.s.b.d.a.LocalDevToolsAutoConfiguration$RestartingClassPathChangeChangedEventListener - Restarting due to 1 class path change (0 additions, 0 deletions, 1 modification) 
2024-09-13T10:46:37.937 [Thread-87] INFO o.a.c.h.Http11NioProtocol - Stopping ProtocolHandler ["http-nio-8080"] 
2024-09-13T10:46:37.983 [restartedMain] INFO c.s.ShinchanApplication - Starting ShinchanApplication using Java 17.0.11 with PID 10151 (/Users/shinnosuke/Desktop/shinnosuke/factory/workspace/ws_sts4_4240/repo_shinchan/shinchan/bin/main started by shinnosuke in /Users/shinnosuke/Desktop/shinnosuke/factory/workspace/ws_sts4_4240/repo_shinchan/shinchan) 
2024-09-13T10:46:37.983 [restartedMain] INFO c.s.ShinchanApplication - No active profile set, falling back to 1 default profile: "default" 
2024-09-13T10:46:38.064 [restartedMain] INFO o.s.b.w.e.t.TomcatWebServer - Tomcat initialized with port 8080 (http) 
2024-09-13T10:46:38.064 [restartedMain] INFO o.a.c.h.Http11NioProtocol - Initializing ProtocolHandler ["http-nio-8080"] 
2024-09-13T10:46:38.064 [restartedMain] INFO o.a.c.c.StandardService - Starting service [Tomcat] 
2024-09-13T10:46:38.065 [restartedMain] INFO o.a.c.c.StandardEngine - Starting Servlet engine: [Apache Tomcat/10.1.28] 
2024-09-13T10:46:38.068 [restartedMain] INFO o.a.c.c.C.[.[.[/] - Initializing Spring embedded WebApplicationContext 
2024-09-13T10:46:38.068 [restartedMain] INFO o.s.b.w.s.c.ServletWebServerApplicationContext - Root WebApplicationContext: initialization completed in 84 ms 
2024-09-13T10:46:38.148 [restartedMain] INFO o.s.b.d.a.OptionalLiveReloadServer - LiveReload server is running on port 35729 
2024-09-13T10:46:38.153 [restartedMain] INFO o.a.c.h.Http11NioProtocol - Starting ProtocolHandler ["http-nio-8080"] 
2024-09-13T10:46:38.154 [restartedMain] INFO o.s.b.w.e.t.TomcatWebServer - Tomcat started on port 8080 (http) with context path '/' 
2024-09-13T10:46:38.158 [restartedMain] INFO c.s.ShinchanApplication - Started ShinchanApplication in 0.183 seconds (process running for 5554.399) 
2024-09-13T10:46:38.159 [restartedMain] INFO o.s.b.d.a.ConditionEvaluationDeltaLoggingListener - Condition evaluation unchanged 
2024-09-13T10:47:59.424 [File Watcher] INFO o.s.b.d.a.LocalDevToolsAutoConfiguration$RestartingClassPathChangeChangedEventListener - Restarting due to 1 class path change (0 additions, 0 deletions, 1 modification) 
2024-09-13T10:47:59.426 [Thread-91] INFO o.a.c.h.Http11NioProtocol - Stopping ProtocolHandler ["http-nio-8080"] 
2024-09-13T10:47:59.465 [restartedMain] INFO c.s.ShinchanApplication - Starting ShinchanApplication using Java 17.0.11 with PID 10151 (/Users/shinnosuke/Desktop/shinnosuke/factory/workspace/ws_sts4_4240/repo_shinchan/shinchan/bin/main started by shinnosuke in /Users/shinnosuke/Desktop/shinnosuke/factory/workspace/ws_sts4_4240/repo_shinchan/shinchan) 
2024-09-13T10:47:59.465 [restartedMain] INFO c.s.ShinchanApplication - No active profile set, falling back to 1 default profile: "default" 
2024-09-13T10:47:59.548 [restartedMain] INFO o.s.b.w.e.t.TomcatWebServer - Tomcat initialized with port 8080 (http) 
2024-09-13T10:47:59.548 [restartedMain] INFO o.a.c.h.Http11NioProtocol - Initializing ProtocolHandler ["http-nio-8080"] 
2024-09-13T10:47:59.548 [restartedMain] INFO o.a.c.c.StandardService - Starting service [Tomcat] 
2024-09-13T10:47:59.548 [restartedMain] INFO o.a.c.c.StandardEngine - Starting Servlet engine: [Apache Tomcat/10.1.28] 
2024-09-13T10:47:59.552 [restartedMain] INFO o.a.c.c.C.[.[.[/] - Initializing Spring embedded WebApplicationContext 
2024-09-13T10:47:59.552 [restartedMain] INFO o.s.b.w.s.c.ServletWebServerApplicationContext - Root WebApplicationContext: initialization completed in 86 ms 
2024-09-13T10:47:59.633 [restartedMain] INFO o.s.b.d.a.OptionalLiveReloadServer - LiveReload server is running on port 35729 
2024-09-13T10:47:59.638 [restartedMain] INFO o.a.c.h.Http11NioProtocol - Starting ProtocolHandler ["http-nio-8080"] 
2024-09-13T10:47:59.639 [restartedMain] INFO o.s.b.w.e.t.TomcatWebServer - Tomcat started on port 8080 (http) with context path '/' 
2024-09-13T10:47:59.642 [restartedMain] INFO c.s.ShinchanApplication - Started ShinchanApplication in 0.186 seconds (process running for 5635.886) 
2024-09-13T10:47:59.643 [restartedMain] INFO o.s.b.d.a.ConditionEvaluationDeltaLoggingListener - Condition evaluation unchanged 
2024-09-13T10:48:27.991 [File Watcher] INFO o.s.b.d.a.LocalDevToolsAutoConfiguration$RestartingClassPathChangeChangedEventListener - Restarting due to 1 class path change (0 additions, 0 deletions, 1 modification) 
2024-09-13T10:48:27.992 [Thread-95] INFO o.a.c.h.Http11NioProtocol - Stopping ProtocolHandler ["http-nio-8080"] 
2024-09-13T10:48:28.032 [restartedMain] INFO c.s.ShinchanApplication - Starting ShinchanApplication using Java 17.0.11 with PID 10151 (/Users/shinnosuke/Desktop/shinnosuke/factory/workspace/ws_sts4_4240/repo_shinchan/shinchan/bin/main started by shinnosuke in /Users/shinnosuke/Desktop/shinnosuke/factory/workspace/ws_sts4_4240/repo_shinchan/shinchan) 
2024-09-13T10:48:28.032 [restartedMain] INFO c.s.ShinchanApplication - No active profile set, falling back to 1 default profile: "default" 
2024-09-13T10:48:28.115 [restartedMain] INFO o.s.b.w.e.t.TomcatWebServer - Tomcat initialized with port 8080 (http) 
2024-09-13T10:48:28.115 [restartedMain] INFO o.a.c.h.Http11NioProtocol - Initializing ProtocolHandler ["http-nio-8080"] 
2024-09-13T10:48:28.115 [restartedMain] INFO o.a.c.c.StandardService - Starting service [Tomcat] 
2024-09-13T10:48:28.115 [restartedMain] INFO o.a.c.c.StandardEngine - Starting Servlet engine: [Apache Tomcat/10.1.28] 
2024-09-13T10:48:28.119 [restartedMain] INFO o.a.c.c.C.[.[.[/] - Initializing Spring embedded WebApplicationContext 
2024-09-13T10:48:28.119 [restartedMain] INFO o.s.b.w.s.c.ServletWebServerApplicationContext - Root WebApplicationContext: initialization completed in 86 ms 
2024-09-13T10:48:28.201 [restartedMain] INFO o.s.b.d.a.OptionalLiveReloadServer - LiveReload server is running on port 35729 
2024-09-13T10:48:28.207 [restartedMain] INFO o.a.c.h.Http11NioProtocol - Starting ProtocolHandler ["http-nio-8080"] 
2024-09-13T10:48:28.209 [restartedMain] INFO o.s.b.w.e.t.TomcatWebServer - Tomcat started on port 8080 (http) with context path '/' 
2024-09-13T10:48:28.212 [restartedMain] INFO c.s.ShinchanApplication - Started ShinchanApplication in 0.189 seconds (process running for 5664.456) 
2024-09-13T10:48:28.213 [restartedMain] INFO o.s.b.d.a.ConditionEvaluationDeltaLoggingListener - Condition evaluation unchanged 
