2024-09-13T14:06:24.443 [http-nio-8080-exec-1] INFO o.a.c.c.C.[.[.[/] - Initializing Spring DispatcherServlet 'dispatcherServlet' 
2024-09-13T14:06:24.445 [http-nio-8080-exec-1] INFO o.s.w.s.DispatcherServlet - Initializing Servlet 'dispatcherServlet' 
2024-09-13T14:06:24.452 [http-nio-8080-exec-1] INFO o.s.w.s.DispatcherServlet - Completed initialization in 7 ms 
2024-09-13T14:06:24.573 [http-nio-8080-exec-1] INFO c.z.h.HikariDataSource - HikariPool-1 - Starting... 
2024-09-13T14:06:24.957 [http-nio-8080-exec-1] INFO c.z.h.p.HikariPool - HikariPool-1 - Added connection net.sf.log4jdbc.sql.jdbcapi.ConnectionSpy@18409dfa 
2024-09-13T14:06:24.958 [http-nio-8080-exec-1] INFO c.z.h.HikariDataSource - HikariPool-1 - Start completed. 
2024-09-13T14:06:24.985 [http-nio-8080-exec-1] DEBUG j.sqltiming -  com.zaxxer.hikari.pool.ProxyPreparedStatement.execute(ProxyPreparedStatement.java:44)
1. select
			a.seq
			,a.cd_Name
			,a.cd_UseNY
			,a.cd_Order
			,a.cd_Desc
			,a.cd_ReDate
			,a.cd_MoDate
			,a.cd_DelNY
			,a.CodeGroup_seq
			,b.cg_Name
			,b.seq
		from
			Code a
		left join
			codegroup b
		on
			a.CodeGroup_seq = b.seq
		WHERE 1=1
 {executed in 15 msec} 
2024-09-13T14:17:25.751 [File Watcher] INFO o.s.b.d.a.LocalDevToolsAutoConfiguration$RestartingClassPathChangeChangedEventListener - Restarting due to 1 class path change (0 additions, 0 deletions, 1 modification) 
2024-09-13T14:17:25.756 [Thread-99] INFO o.a.c.h.Http11NioProtocol - Stopping ProtocolHandler ["http-nio-8080"] 
2024-09-13T14:17:25.760 [Thread-99] INFO c.z.h.HikariDataSource - HikariPool-1 - Shutdown initiated... 
2024-09-13T14:17:25.785 [Thread-99] INFO c.z.h.HikariDataSource - HikariPool-1 - Shutdown completed. 
2024-09-13T14:17:25.861 [restartedMain] INFO c.s.ShinchanApplication - Starting ShinchanApplication using Java 17.0.11 with PID 10151 (/Users/shinnosuke/Desktop/shinnosuke/factory/workspace/ws_sts4_4240/repo_shinchan/shinchan/bin/main started by shinnosuke in /Users/shinnosuke/Desktop/shinnosuke/factory/workspace/ws_sts4_4240/repo_shinchan/shinchan) 
2024-09-13T14:17:25.862 [restartedMain] INFO c.s.ShinchanApplication - No active profile set, falling back to 1 default profile: "default" 
2024-09-13T14:17:26.043 [restartedMain] INFO o.s.b.w.e.t.TomcatWebServer - Tomcat initialized with port 8080 (http) 
2024-09-13T14:17:26.044 [restartedMain] INFO o.a.c.h.Http11NioProtocol - Initializing ProtocolHandler ["http-nio-8080"] 
2024-09-13T14:17:26.045 [restartedMain] INFO o.a.c.c.StandardService - Starting service [Tomcat] 
2024-09-13T14:17:26.045 [restartedMain] INFO o.a.c.c.StandardEngine - Starting Servlet engine: [Apache Tomcat/10.1.28] 
2024-09-13T14:17:26.050 [restartedMain] INFO o.a.c.c.C.[.[.[/] - Initializing Spring embedded WebApplicationContext 
2024-09-13T14:17:26.050 [restartedMain] INFO o.s.b.w.s.c.ServletWebServerApplicationContext - Root WebApplicationContext: initialization completed in 187 ms 
2024-09-13T14:17:26.170 [restartedMain] INFO o.s.b.d.a.OptionalLiveReloadServer - LiveReload server is running on port 35729 
2024-09-13T14:17:26.177 [restartedMain] INFO o.a.c.h.Http11NioProtocol - Starting ProtocolHandler ["http-nio-8080"] 
2024-09-13T14:17:26.178 [restartedMain] INFO o.s.b.w.e.t.TomcatWebServer - Tomcat started on port 8080 (http) with context path '/' 
2024-09-13T14:17:26.183 [restartedMain] INFO c.s.ShinchanApplication - Started ShinchanApplication in 0.334 seconds (process running for 14191.601) 
2024-09-13T14:17:26.184 [restartedMain] INFO o.s.b.d.a.ConditionEvaluationDeltaLoggingListener - Condition evaluation unchanged 
2024-09-13T14:55:57.788 [http-nio-8080-exec-1] INFO o.a.c.c.C.[.[.[/] - Initializing Spring DispatcherServlet 'dispatcherServlet' 
2024-09-13T14:55:57.789 [http-nio-8080-exec-1] INFO o.s.w.s.DispatcherServlet - Initializing Servlet 'dispatcherServlet' 
2024-09-13T14:55:57.794 [http-nio-8080-exec-1] INFO o.s.w.s.DispatcherServlet - Completed initialization in 4 ms 
2024-09-13T14:55:57.805 [http-nio-8080-exec-1] INFO c.z.h.HikariDataSource - HikariPool-2 - Starting... 
2024-09-13T14:55:57.834 [http-nio-8080-exec-1] INFO c.z.h.p.HikariPool - HikariPool-2 - Added connection net.sf.log4jdbc.sql.jdbcapi.ConnectionSpy@2940db9c 
2024-09-13T14:55:57.835 [http-nio-8080-exec-1] INFO c.z.h.HikariDataSource - HikariPool-2 - Start completed. 
2024-09-13T14:55:57.837 [http-nio-8080-exec-1] DEBUG j.sqltiming -  com.zaxxer.hikari.pool.ProxyPreparedStatement.execute(ProxyPreparedStatement.java:44)
11. select
			a.seq
			,a.cd_Name
			,a.cd_UseNY
			,a.cd_Order
			,a.cd_Desc
			,a.cd_ReDate
			,a.cd_MoDate
			,a.cd_DelNY
			,a.CodeGroup_seq
			,b.cg_Name
			,b.seq
		from
			Code a
		left join
			codegroup b
		on
			a.CodeGroup_seq = b.seq
		WHERE 1=1
 {executed in 1 msec} 
2024-09-13T14:56:08.972 [http-nio-8080-exec-8] DEBUG j.sqltiming -  com.zaxxer.hikari.pool.ProxyPreparedStatement.execute(ProxyPreparedStatement.java:44)
11. select
			a.seq
    		,a.mem_Authority
    		,a.mem_Name
   			,a.mem_Id
    		,a.mem_Password
   			,a.mem_Gender
   			,a.mem_Birth
   		 	,a.mem_Email
   		 	,a.mem_Phone
    		,a.mem_Desc
    		,a.mem_ReDate
    		,a.mem_MoDate
    		,a.mem_DelNY
		from
			member1 a
 		order by
 			a.seq desc
 {executed in 16 msec} 
2024-09-13T14:56:59.315 [http-nio-8080-exec-6] DEBUG j.sqltiming -  com.zaxxer.hikari.pool.ProxyPreparedStatement.execute(ProxyPreparedStatement.java:44)
11. select
			a.seq
    		,a.mem_Authority
    		,a.mem_Name
   			,a.mem_Id
    		,a.mem_Password
   			,a.mem_Gender
   			,a.mem_Birth
   		 	,a.mem_Email
   		 	,a.mem_Phone
    		,a.mem_Desc
    		,a.mem_ReDate
    		,a.mem_MoDate
    		,a.mem_DelNY
		from
			member1 a
 		where 1 = 1
 			and a.seq = '5'
 {executed in 4 msec} 
